!Alpha: 0.700000!Shared Interactions vs Total Sequence Similarity: 9567 93.608094
!Global Score: 6724.982428347016
988 872
1240 1042
1092 3597
1072 3056
652 2698
252 2254
504 2794
1344 3186
400 3021
588 2285
336 3948
232 2492
84 3178
840 3594
568 2282
672 1962
48 7
1260 2321
736 3962
1008 3159
924 976
316 3335
904 3902
168 728
1408 3476
2189 1734
2337 138
1517 153
2253 644
2001 3485
2525 3666
2609 3161
2505 3034
1833 2655
2421 1600
1749 3610
1581 1255
1769 1322
2085 2345
2357 1591
2021 1757
1433 3007
1601 3745
2105 3563
2273 2802
2169 108
2589 2929
1917 3189
1665 2303
2441 161
1685 1483
1497 646
379 2309
883 1664
1303 1434
715 3916
1387 893
631 3604
967 2093
463 3911
1219 3215
1051 2610
295 1658
211 1551
547 3301
127 252
2316 3329
1812 1754
1728 2030
1896 1831
1980 2556
2568 1431
2232 1136
1560 3068
1644 2479
2400 2972
2064 2110
2484 86
2148 711
70 3475
610 2347
946 781
862 593
442 2012
1114 3444
694 1460
526 203
778 2288
1030 115
1282 1
358 84
106 3005
1366 3922
1198 3
1707 1385
2043 192
2295 2502
1791 583
2547 1030
1455 3856
1875 1553
1539 757
2631 3798
1623 1257
2211 102
2463 3331
989 853
253 3662
169 844
421 488
233 767
737 828
1345 1175
1093 3637
925 1308
49 3600
1261 194
149 3443
569 3862
505 3787
401 1074
589 749
1241 953
821 2814
1177 2895
653 3353
841 773
1157 3663
317 2456
1009 1659
485 765
85 458
1409 2737
1434 734
2086 61
2422 3543
1582 1481
2002 1719
2338 346
2358 3278
2022 2395
2254 1054
1918 694
1834 3357
2526 1963
1602 409
2106 1994
2506 3192
2610 223
1666 1292
1750 3826
1686 436
1518 2664
2190 19
1938 2268
1854 3381
2170 3729
1770 3528
1498 1180
2274 2043
2442 1423
800 2949
1136 219
716 1383
1220 1226
548 372
1304 988
632 2068
28 2860
296 3359
1052 3269
1388 1343
380 660
212 1214
884 1779
128 389
464 3386
968 1047
2233 1404
1645 3833
2065 2953
2149 1850
2401 716
2569 3248
2317 2519
1561 2899
1813 2685
1981 1944
1729 1484
1477 1018
1897 3271
1115 3447
779 3631
527 2368
359 2260
1283 1029
443 1813
611 2598
275 1536
1367 299
1031 2740
7 2236
107 2387
71 1459
695 271
947 3348
2212 1631
1876 978
2296 498
1624 965
2464 2434
2548 3766
2128 1902
2632 1558
1456 1630
1540 3390
2380 187
1792 1549
1960 3033
1708 1911
674 1697
738 2169
234 2261
50 3420
654 157
318 2877
1010 2855
990 3909
1242 276
1178 1118
486 3204
338 1675
590 2389
1262 1851
402 3211
1326 3626
150 2516
506 685
170 2582
1074 3131
758 2939
822 2331
1158 996
1346 2806
422 3102
2527 3411
1855 1154
1919 708
1519 2014
2507 1371
2359 3459
1499 1442
1667 867
2611 3028
1583 3085
1771 595
1687 1235
2191 1601
2171 3918
2107 238
1435 3769
2591 2255
2423 556
1835 471
2087 3732
2003 2648
2255 1157
2443 2226
1751 1057
2023 557
1603 520
969 2115
1053 2993
29 3053
1221 1320
381 1266
885 1302
717 1663
297 3817
1305 403
1389 900
213 2091
1137 1297
549 3424
801 2291
633 2888
1814 302
2570 2757
2234 1427
2486 3354
2402 558
1478 127
1562 1799
1898 1733
2066 3601
2318 1277
1646 349
1982 1192
1368 2727
276 505
1116 732
8 2464
1200 3020
444 2059
72 94
948 2938
612 3019
696 3308
192 3602
1032 3374
1284 510
780 2957
864 3173
108 1107
1625 2041
2549 1575
2465 444
2213 2711
2381 71
1793 1311
2045 1366
1457 3790
2297 720
1709 14
2633 1807
1541 1027
235 3767
1243 891
591 1793
675 3841
1411 525
151 1868
507 1718
171 1408
571 823
51 3603
991 2205
1159 1986
423 2517
319 3555
87 1726
1011 2704
255 3593
1263 2146
1179 165
759 2859
843 3402
739 342
907 692
339 2053
1075 307
1347 113
1940 1774
1668 2374
1752 2579
2004 3624
2360 81
2592 2681
2088 439
2172 3312
1436 2615
2444 1163
1584 1953
1836 990
2108 3908
1520 3595
2024 1715
2276 2649
2528 1206
1772 1080
2612 1218
1500 3216
2192 69
1920 1220
1604 1788
1688 2109
2424 218
2340 248
802 2281
718 2718
214 3320
1222 1352
886 2986
1138 2390
1054 2056
30 979
298 1743
466 718
634 3281
130 2066
382 3255
1306 3086
1390 2652
1899 3214
2487 3107
1983 3491
1731 580
2151 3578
1815 2007
1479 2954
2319 567
2571 1838
2403 43
2067 2653
2235 2423
1563 448
865 2765
9 742
445 1525
1117 2918
697 3927
361 625
277 3075
949 3755
1285 2789
1201 2526
529 73
193 1981
73 1751
781 2974
613 1243
2298 1300
1542 3272
1710 2838
1962 1960
2550 2067
2466 1071
2634 2119
1458 1621
1626 3638
2214 559
2130 683
2382 2678
1794 2873
404 459
992 2494
1180 2828
236 511
256 2196
572 373
740 766
592 3692
1328 2623
424 206
1096 1948
320 3081
844 507
152 1190
1160 2824
908 3337
760 171
676 129
1412 141
656 1592
1348 3370
508 1861
1012 2587
824 1176
88 1468
488 3336
1264 2211
172 1662
1244 3077
340 1051
2193 3848
1921 3003
1585 3484
1941 3408
2509 1281
2277 3658
2109 2207
1753 1853
2025 1700
1837 3435
2173 863
1669 196
2341 1439
1501 1706
2529 1611
2089 222
2613 1679
2593 2758
1857 2658
2257 57
2361 103
2005 3496
1689 3043
1437 2380
2445 1713
2425 2357
299 1835
635 912
467 1421
1391 2952
31 2304
971 1580
1223 2258
215 1102
1307 775
383 1491
887 1859
131 2590
551 2666
1055 3677
719 3448
2068 903
1648 1818
1732 1786
1984 856
1564 242
2320 3944
1900 3589
2488 2996
2236 247
1816 2266
278 2415
866 676
698 776
530 1376
110 709
1286 812
1034 846
1118 2709
194 3492
614 3482
74 2755
1202 826
446 1562
950 3095
362 1106
2299 533
1627 937
2215 1446
2047 254
1711 1145
1459 1379
2635 483
1795 3596
2467 1744
2551 702
1963 806
2383 466
1879 2614
1543 2072
2131 941
845 3202
509 887
1349 614
53 2898
825 2339
237 2663
1013 1660
153 1137
405 420
1181 300
1329 1210
1245 2552
341 3060
993 3076
929 3433
1097 3704
425 663
909 3671
657 361
173 2248
677 2298
489 3507
1077 1356
1413 3368
761 323
741 2979
89 469
321 3176
573 641
1586 3516
1690 3237
2614 1455
1838 1975
2594 383
2510 2697
1754 2369
1858 2853
1942 3664
1502 258
2006 1041
2110 1399
2342 3749
1922 2018
2090 3451
2258 2507
2278 445
1774 2834
1606 2424
2194 3619
2446 3147
1670 1523
1438 1791
2026 2180
2426 2237
2530 769
2174 3071
2362 2306
720 3871
132 2427
468 1507
552 3212
300 1513
804 122
888 3445
1140 3759
32 355
216 532
1392 2990
1224 3407
1056 3446
1649 285
2237 839
2321 2843
2405 418
1565 3388
2069 2242
2489 410
1985 2863
1733 1959
1481 3123
1817 3850
867 3497
1287 3554
699 2535
279 2597
195 3453
447 1092
615 1951
951 3009
11 3265
783 1011
1119 1753
363 332
1035 3149
1203 2079
75 1400
111 1866
1880 2799
2636 1884
1628 1289
2468 1836
1544 1894
1964 2868
1796 2702
1712 2804
1460 892
2132 3744
2048 3675
2216 2437
2300 2092
2552 3089
90 1885
594 3720
1078 2217
1414 1765
910 2716
1266 1515
510 3917
174 1724
826 3121
490 3674
322 2803
1162 829
762 1409
930 268
1014 2337
574 369
994 83
426 3252
1098 3889
1350 2234
238 2225
658 3806
742 3643
1246 2070
678 592
1330 3581
1182 514
258 2257
54 2688
2427 59
2175 3133
1503 3206
1859 1876
2343 2490
1671 1954
2279 1780
1755 468
1923 278
1523 2854
2007 1067
2531 2670
2615 1023
1839 2193
1607 3292
1691 1881
2111 2594
2259 1142
2447 833
1587 2471
2363 548
2195 2459
2511 3183
1439 1456
1943 462
2595 3396
2027 1382
805 2683
33 647
637 1500
889 2884
1141 2568
721 1745
1393 2181
1309 2408
973 1238
1225 2605
385 868
217 1475
1057 3150
553 38
133 2318
301 808
2154 1883
1566 710
2574 1910
1650 1854
2406 3952
1902 79
2322 3633
1986 3686
2238 380
2490 3910
1818 2292
1482 3617
2070 754
196 2346
616 1566
1036 1644
700 1812
76 3375
1120 2771
364 2470
532 22
280 120
1372 116
112 1820
868 1420
952 1907
1288 1584
448 2847
2049 87
2637 1025
1881 842
1461 2820
1545 2442
2133 2586
2553 1321
2217 870
1797 1386
1629 2944
1965 1181
2385 3714
2469 2498
911 2908
175 2054
743 1284
1247 3584
91 3058
1351 1545
1079 2365
55 327
239 3062
155 3177
1183 3239
1331 463
679 3502
931 2500
1099 714
595 3579
995 1473
323 2425
1163 3235
407 433
343 3228
827 1361
847 2129
659 2274
1267 3367
1015 1976
575 3525
1415 997
511 2849
2532 3304
1504 3439
2344 2826
2596 805
2176 313
1860 1433
1588 3404
2280 3754
1440 2302
1524 3884
2008 1958
2260 3415
1756 1033
2616 1919
1840 1651
1672 3761
2428 3221
1944 3734
1924 1499
2448 2049
2196 412
1692 1293
1776 2762
470 3477
386 3779
1226 1303
722 664
1058 2515
890 3154
134 3618
1142 2679
1394 1924
806 1245
218 3868
34 1950
638 2404
1310 1794
974 487
302 3014
2575 1485
1567 227
2071 256
1819 789
1987 2810
2239 3552
1483 3533
2323 450
2155 2798
1651 3434
2491 3747
1903 1110
1735 2997
2407 3904
449 176
1037 3224
701 1567
365 3410
953 2977
77 1761
1205 1874
617 3164
281 1452
13 2818
1121 1450
113 1620
1289 923
1373 1291
533 1084
785 3017
197 1815
1966 1479
2554 1331
2050 3270
1462 478
2134 1227
1630 13
1546 2094
1798 1062
2218 2290
2386 1286
2638 790
2302 2075
2470 23
1882 3268
56 1693
1080 551
324 1287
1332 2769
1184 3805
492 1355
1164 622
1248 1177
912 1538
744 1325
260 2813
1268 989
92 739
428 315
1352 1887
932 1270
848 376
512 3607
176 993
576 1486
1416 125
1100 1258
680 339
764 3901
408 627
2429 3650
1693 266
2009 2367
2261 3343
1505 3478
1925 367
1609 1789
1525 628
2029 1624
2513 2902
1673 3718
2365 840
1841 1742
2533 1402
2093 3814
2617 3134
1589 1646
1777 3351
2281 779
1945 1952
2177 3319
2345 562
1861 2874
1757 1943
2113 178
2197 877
219 3539
1059 3935
471 2530
387 796
1311 1900
35 75
1395 3394
639 873
807 2431
555 527
303 2208
1227 3456
891 1552
975 3940
1736 1078
1568 3866
2240 3669
1652 3697
2072 2980
2576 1942
2156 2940
1988 1448
2324 518
1904 96
2492 3170
1484 2624
2408 1250
786 1505
282 3622
702 216
1122 2893
534 1384
1206 3276
870 1323
450 2394
954 1503
618 3392
1290 1869
114 699
1374 537
198 335
14 1534
1463 3026
2219 2307
1631 3781
1967 1872
2471 245
2135 3458
1883 3307
2387 2238
2639 2764
1547 786
1799 1344
1715 3119
2555 3951
681 3611
1185 2202
177 1194
1353 3794
997 1645
429 3099
1269 156
661 3705
1333 3290
409 2915
849 3055
1417 2890
913 2589
577 1790
1101 2011
597 2083
241 561
345 698
93 2714
325 2934
829 189
1249 3855
261 1978
1081 3946
765 159
745 3711
2282 1843
1610 170
2030 3939
2198 2158
1946 854
2534 2528
2618 999
2366 3679
1526 3431
1442 1432
2450 1920
1694 1683
1862 637
808 2775
220 3777
36 371
1312 378
1060 994
976 1589
724 1020
1228 2551
1396 3876
892 3668
640 2089
136 2409
304 2021
1144 446
388 2919
472 717
2409 2910
1485 3845
2073 3172
2157 3693
2241 3400
1989 350
1569 140
1821 2301
1905 74
2577 2356
787 143
283 1670
1207 3318
1291 1524
955 975
871 1244
619 2122
1123 2923
115 2020
15 2748
199 534
367 1912
535 1389
1039 821
451 1037
1464 2414
2220 2133
2304 3093
1548 1436
2052 3819
1800 2038
1716 1826
2472 3142
1968 214
1632 2800
2640 2713
2556 3232
2136 453
2388 2914
1884 3450
578 292
1354 1347
430 777
850 1711
1102 651
326 2725
1250 2087
158 2675
514 3773
682 217
830 2627
494 2203
914 1677
1166 3012
934 1024
1270 952
1418 1517
262 2324
1018 2787
998 2654
346 1539
410 3835
242 803
58 2872
1334 411
178 454
1082 1916
662 1640
2115 1712
1779 1823
1443 3070
2199 3324
2367 1749
1863 2308
1947 3103
2283 2013
1611 2969
1695 1945
2535 2839
2619 318
1527 1997
2451 3427
2031 3054
473 3195
389 1541
1061 2566
37 1464
725 3723
1145 3803
1229 3162
221 241
893 705
305 3073
137 1453
1397 2669
641 986
557 1682
2494 1437
2326 590
2158 2550
1486 1530
1822 635
2074 3640
1590 3254
1990 3082
2262 441
1738 2433
1674 594
2578 2032
1506 341
2346 1076
2094 1171
2430 1035
2010 2406
1758 2686
2514 3242
1842 1617
1906 3365
1570 3455
1926 571
2598 3328
1040 1492
536 1369
452 2078
1376 1151
284 1495
116 486
200 1161
788 3327
368 849
704 1138
956 1755
620 645
872 1839
16 2250
1208 2481
2305 3199
1717 442
2557 3016
1549 3002
2473 491
2641 852
1801 736
2053 1372
2389 54
1885 1800
2137 1144
1465 3393
599 934
159 324
663 573
515 3967
851 2220
243 857
1355 200
683 2747
179 2774
95 2835
1271 1895
747 3332
1335 2546
1167 465
1251 2411
935 2514
263 2960
347 76
327 280
1419 931
411 20
59 3782
1019 3518
831 2197
767 723
1103 515
1083 2816
495 687
915 2991
2116 2172
1444 744
2200 3030
1780 263
2620 2152
1528 1537
2368 2382
2032 149
1864 172
1696 3742
1612 652
2452 1615
1948 2636
978 684
306 97
558 1275
1146 236
1230 3894
38 2637
642 60
1062 3313
138 1687
1314 552
390 3738
222 2659
810 1178
1487 918
2327 2731
1507 2643
1991 1202
2243 1031
2095 3971
1823 2240
1907 876
2515 3355
2599 1933
2431 2149
1739 2153
2075 3079
1927 3468
1571 3317
2347 2601
2495 1770
2263 1351
1675 308
1591 365
1843 1669
1655 3347
2011 42
957 2245
537 2141
117 3961
1209 1797
873 3690
369 1604
17 2199
453 3205
201 3768
621 750
1377 70
285 3765
705 2569
1970 2577
1550 2035
2558 1593
2474 816
2222 1668
1466 400
2138 3613
1718 3499
1886 1602
1634 858
2390 3480
1802 2162
2054 3185
936 2630
1356 613
1104 2896
1252 3132
768 3326
1188 3409
432 2967
516 2305
244 2995
96 352
1336 787
684 2700
916 3549
60 1471
264 2113
160 503
1000 1193
1168 3490
180 201
1272 1008
1420 286
496 1333
852 2831
580 3815
600 390
1084 1806
664 1418
412 824
748 2715
328 1159
348 2525
2033 1914
1697 135
1781 3442
1949 2558
2537 587
2285 666
2621 2712
1529 2946
2201 1219
1865 2970
2117 924
2369 2405
475 3088
1399 2213
1315 231
811 1253
39 3311
223 130
1231 2341
979 3907
895 3279
1147 785
727 3875
559 700
643 3464
1063 351
307 3116
2328 2397
1760 2547
2012 611
2496 3428
2096 2023
2432 1221
2160 631
1592 1001
1676 3013
2076 2963
1656 2468
2412 2444
2244 756
2580 746
1572 3389
1908 1936
2600 1892
1424 2453
1508 3285
2516 2460
2264 2277
370 333
286 2723
874 490
1378 1529
706 689
538 2251
958 3928
1042 3897
790 707
454 2477
622 1034
202 1397
1210 2249
1294 1346
18 1927
118 3010
2055 3942
2307 3345
2559 89
1551 2262
1635 3379
1971 3113
2475 46
2391 1124
1467 3096
1803 1021
1887 275
1719 837
2139 927
61 3190
1105 3218
97 401
497 1828
1189 864
1273 2235
1085 1016
1337 3339
413 330
665 1692
265 799
349 193
749 2858
517 422
245 3011
1001 3706
937 1239
1021 2620
917 447
181 3146
601 3785
685 1328
769 298
581 1758
1253 1766
853 2557
1421 2840
433 3139
1950 1846
2286 883
1614 358
2622 208
1698 36
2454 1298
2118 3330
1782 2400
2370 2263
2538 1977
2202 1657
1530 3219
2034 65
40 3114
896 2044
476 2778
1400 2188
392 26
308 1511
1148 3535
560 3323
1316 2051
1232 1357
224 2294
644 3167
2433 1336
2265 958
2349 3843
1929 2742
2077 2264
1593 970
2601 1560
2245 981
1993 2280
2329 1804
1677 3972
2161 951
1741 2086
2097 902
1573 3486
1657 1613
1425 980
2517 1237
1845 2177
2181 2509
2013 3598
2581 1269
1509 3864
2497 2329
1761 343
2413 154
539 3544
287 3537
1295 1101
1043 1860
1127 3517
1379 2543
19 3225
119 2773
203 24
707 2024
1211 2279
455 1274
791 2897
959 2402
875 3310
1636 1310
1972 957
2224 2662
1804 740
2140 725
2308 1053
2056 230
2476 270
1888 1405
1468 2964
1720 1211
2560 3672
2392 3885
602 585
938 3654
770 2325
686 2844
1358 1272
434 3536
518 936
266 2622
1190 944
350 2375
98 621
854 414
1022 2780
62 3621
2539 1821
2455 2880
2119 3780
1615 2499
1531 2150
2623 3220
2287 3572
1783 1126
1951 2796
1447 2393
2371 2099
1867 2496
2203 3047
1401 2462
813 3049
41 2606
897 506
309 1086
561 105
729 3417
393 1796
1317 476
1149 393
1233 1817
141 1247
477 3914
981 1633
1065 783
2266 1841
2162 45
2498 2815
1426 2231
1574 3576
2246 1231
1910 2574
2350 508
2098 2581
1930 3247
1846 2600
2582 1814
1826 2142
2330 384
1678 1007
2414 3437
2014 134
2182 3842
2518 53
1490 1465
1594 3137
1658 3469
2078 1248
1742 2178
1510 3585
1994 2656
2602 121
204 1773
960 3418
1212 429
120 110
1128 516
624 3148
1296 1988
456 2336
1380 1557
288 662
1044 2541
20 1893
540 1704
876 3681
708 3816
792 226
2309 3811
1721 3837
2225 272
1973 1764
2561 3117
1805 2892
2393 2924
1469 3937
1889 2430
2141 1725
2477 2491
1553 2741
1637 2311
183 1480
1359 168
435 869
519 3366
855 1489
603 2221
351 2027
939 3423
1107 257
1275 1667
1023 982
771 2616
99 914
63 2227
267 2942
1191 3588
2372 3802
1868 2289
1784 2120
1952 2668
1532 788
2540 2252
2204 3057
2624 2230
1448 1607
1700 3356
2036 3046
2456 2114
2120 1111
2288 3559
1234 1121
666 973
730 772
1402 2881
646 1082
1170 564
814 145
414 512
1150 3293
834 133
1086 616
982 1316
562 2186
1066 3481
1318 987
1002 1205
582 2156
162 800
1254 3888
394 397
898 3344
330 288
78 1717
1338 529
246 871
42 1771
2079 470
2015 3023
2183 259
1511 1966
1427 2527
2519 830
1659 2534
1911 3401
2435 1984
2415 475
1679 3561
2267 2463
2583 2734
1575 2925
2499 2467
2603 2222
1931 477
1847 1605
2099 1140
1491 3165
2247 1643
1763 763
1827 3639
1995 2265
2163 295
1595 2867
2331 2218
2351 3851
1045 1241
457 2171
1297 2562
289 184
21 3018
793 1132
373 2856
877 791
1213 310
709 1571
541 677
961 1913
1381 761
2058 293
2478 2446
2142 2832
1554 2907
1974 3520
2394 759
2562 3352
1806 3001
2310 3038
1890 2
1638 1262
2226 3465
1470 2287
1360 1363
520 3249
1108 1131
100 1587
940 2676
1024 1158
436 875
772 3383
352 1278
1276 2696
0 1723
184 3920
64 2753
604 535
688 3036
268 1809
2289 1565
2205 1263
2373 654
1869 2973
1533 2882
2121 633
2457 1113
2625 2680
1449 618
1785 850
1617 3573
2541 82
1701 1039
415 484
247 1520
79 1444
1403 3473
479 2793
1067 3084
667 603
835 2116
1235 2672
227 492
1255 639
163 3083
983 1882
899 3233
647 3080
331 2364
563 167
1319 1727
1171 1506
1151 2485
395 2077
583 3656
1339 1934
1087 2538
1003 575
731 3821
1576 2022
2436 1360
1428 1307
1764 1856
1996 2861
1744 2185
2500 1417
1848 615
2584 1451
2248 2269
1660 3736
2604 2447
2184 205
2352 597
1828 3187
1912 3483
1680 2465
2332 3050
1932 1315
1492 2770
2416 3657
1512 1688
2268 2783
2520 1146
2080 938
2016 2962
878 2976
1214 1038
710 2503
458 2807
962 3523
1046 542
22 1123
374 211
794 2055
1298 3256
542 2692
290 2296
1975 3547
1555 2978
2563 591
2143 2545
1891 1234
1471 1732
1723 3590
1639 1428
2311 3541
2059 1923
2479 2975
1807 3522
2395 3812
605 3832
857 2846
1025 501
101 1720
1109 1949
689 909
1277 955
269 2917
353 3246
437 2518
1193 847
1361 1217
521 3969
941 2098
2374 2752
2626 2871
2206 1474
2290 1179
1534 3899
2038 1072
2122 2426
1870 2966
1702 63
1618 1784
1954 3965
2542 543
1450 1762
1236 2352
396 232
920 320
228 848
164 1143
1068 2722
668 455
1004 2376
312 2080
416 2631
1152 3160
564 1461
1404 2912
332 2634
836 2544
480 3883
500 2385
732 430
248 1642
752 3289
900 3129
1172 3545
584 1547
816 1070
1256 1260
144 1359
1320 1342
80 1556
44 2401
1088 3200
1340 691
648 1005
984 1972
1913 434
2521 68
2585 3881
2249 1678
1597 841
2081 2223
2185 2182
1429 1394
2437 2123
2417 30
2353 2841
2269 3052
1681 1374
1493 1689
1745 1010
1765 3457
1997 209
2165 2827
1849 457
2101 3275
1661 1930
2605 835
1513 2626
2017 825
2333 91
1829 2689
123 3500
711 1032
963 3553
1383 921
795 2548
375 764
1047 1166
23 3494
879 3512
627 3667
291 479
1215 229
543 1908
1299 3701
207 609
2144 3926
2564 1087
1724 2593
2060 3753
2228 1990
1472 2144
1640 3222
1808 3970
1976 85
1892 607
1556 2705
2312 1772
2480 2194
1278 485
774 2878
354 1915
858 3635
522 2961
270 1327
66 3964
2 3938
942 2474
606 1285
1362 2317
1110 2812
438 2151
1194 1568
1026 760
186 2486
2459 3135
1787 3893
2291 3158
1871 1746
2039 1857
2207 325
2627 3670
2543 3438
1535 8
1955 3957
2375 1564
2123 3827
333 2416
585 3501
313 1098
1069 424
397 1122
417 2293
249 3831
481 956
1321 3591
229 2922
1153 3882
753 1370
985 1256
817 3858
81 2159
145 3878
45 3511
921 124
649 3853
1005 3795
165 1191
1257 1542
1237 899
1405 3625
901 2817
1089 1501
1341 1917
733 56
501 1268
1173 1345
1514 1782
2418 2284
1682 3397
2018 2216
2522 3872
2250 356
1662 6
2354 3586
2102 152
1914 3709
2334 1228
2166 3395
1598 940
1578 1906
1934 1261
1746 2210
1494 1390
2606 188
1830 3896
1850 961
2586 2104
208 1044
292 386
1300 3689
964 671
24 1496
628 31
1132 1490
544 2495
460 64
376 3822
124 5
1384 3587
796 2154
1557 2121
1977 878
2397 881
2145 1998
2565 3813
1641 180
2229 729
2481 399
2313 2885
1473 1472
1809 340
2061 15
271 3546
103 3125
187 3198
1279 859
859 2168
67 1802
1195 3560
3 1049
523 191
1363 2539
775 1170
1027 1626
691 1294
1111 2219
607 3299
943 1497
2208 3652
2124 2112
1452 1581
2376 3032
1620 2728
2040 215
2460 946
2292 131
2628 1406
1704 546
1872 1595
1788 1060
2544 657
1956 482
1342 1093
1006 1544
334 2766
166 3655
1090 416
250 3144
398 3334
146 3556
986 1504
1154 933
1070 3646
502 3372
314 261
734 1153
230 1398
670 3713
1238 2063
1174 670
922 2730
1322 220
838 1979
82 545
482 3743
1406 528
650 2633
818 297
418 415
2419 142
2503 3685
1767 274
1579 2879
2271 967
2103 3852
1683 2111
2607 3360
2019 2253
2251 3699
2355 3143
1851 16
2083 1105
1999 2042
2335 743
2167 3128
1663 435
2187 1685
1495 2524
1915 738
2439 2703
1599 1599
377 3376
461 929
545 2708
629 3231
1301 1236
881 10
293 3241
1133 1628
209 3824
965 1635
1217 1198
25 3264
713 1694
1385 2096
797 1184
125 4
1049 1189
2062 3238
1642 51
1474 3015
1810 1413
2566 3565
2230 1825
2398 396
2482 3303
1978 1196
1894 2625
1726 1759
1558 3243
2314 3251
1196 2215
1364 584
1280 768
1112 2228
860 1578
4 2102
440 3283
776 3887
188 3314
608 2994
104 3223
356 3066
692 3115
944 1139
68 98
272 834
1028 1339
1873 1561
1789 2195
2377 948
1957 3441
2293 1309
2125 2362
1621 3380
2461 3104
2545 1012
1453 1938
2629 3941
1705 1169
231 2440
399 2540
251 1089
1071 1586
735 2905
1259 962
1155 2060
503 577
819 2520
903 3954
315 137
987 1816
483 2560
755 1647
1007 2575
839 2373
567 52
147 2673
923 2533
1343 3039
335 3797
587 581
1407 2003
1239 1112
419 1172
83 3865
167 3371
1852 818
1600 2950
1832 1208
2084 1632
1664 1695
1580 1834
2272 1125
2104 405
2524 1559
2608 1083
2588 3694
1916 2016
2356 2572
1684 3403
2504 2584
1936 554
2188 1019
2000 3035
2020 2553
1496 3950
2336 3717
2252 3923
26 963
1386 703
966 2738
1050 3659
210 210
1218 1971
1302 2445
882 1381
630 291
1134 563
546 2342
462 3834
714 3698
2567 2450
2147 2613
2399 2891
1559 1048
1979 0
1895 3691
1475 2417
2315 632
1643 753
1727 2097
2063 1127
1811 1467
2231 2452
2483 1443
525 2125
1113 2911
1029 3042
1197 2943
1365 3430
69 2350
777 3471
189 3004
105 2164
357 3861
273 3823
609 3807
945 2596
1281 1147
5 2048
861 3542
2294 1514
1706 183
2210 2064
1538 2398
2462 27
2630 2478
2126 190
2546 1731
1622 2229
2378 1929
1958 733
1454 12
