!Alpha: 0.700000!Shared Interactions vs Total Sequence Similarity: 9715 127.471195
!Global Score: 6838.741358506970
1408 3476
736 3962
840 3594
1072 1725
336 1706
316 1483
1092 986
924 976
252 972
48 7
1008 525
904 535
672 627
168 728
988 2184
400 2237
1240 2258
484 2264
568 2282
588 2285
232 2492
1260 2653
652 2698
1344 2970
504 3090
84 3178
2421 1600
1601 3745
1749 3610
2357 1591
2001 1531
2589 1421
1769 1322
2021 1266
1581 1255
1433 929
1497 887
1517 153
2253 644
1833 671
2169 2174
2525 2286
2337 2298
1665 2303
2085 2345
2189 2497
2609 2613
2273 2802
2505 2846
2441 2943
1917 3189
1685 3335
2105 3563
547 3301
715 3916
463 3911
631 3604
211 1551
883 1504
1387 893
127 373
295 303
1219 2081
1303 2217
379 2226
967 2500
1051 2610
2484 86
2148 3841
2064 416
2232 288
1728 135
1896 1831
1644 2479
1980 2556
2400 2972
1812 3015
1560 3068
2568 3238
2316 3329
1114 3444
1030 3923
1366 3922
946 1728
70 1560
694 1460
1282 1
1198 3
610 22
862 796
442 2012
526 2073
358 2077
778 2288
106 3005
2463 3331
2631 3798
1875 1553
1623 1257
2211 102
1791 583
2295 591
1539 757
2547 768
1455 774
2043 2260
1707 3215
1261 194
569 3862
1157 3663
253 3662
1093 3637
49 3600
1009 1659
421 1498
1241 1241
1345 1175
841 1138
925 1101
401 1074
169 24
85 458
485 613
589 749
233 767
989 816
505 1860
317 2456
821 2620
1409 2737
1177 2814
653 3353
737 3420
149 3443
1602 409
1434 3954
1750 3826
2442 1652
2526 1177
2358 355
2002 299
2506 84
1582 57
2022 10
2190 19
1918 694
2422 837
1686 857
2610 861
2254 1854
2086 1910
2106 1994
2274 2043
1498 2045
2170 2188
1938 2268
1518 2664
1854 2859
1666 3054
1834 3357
1770 3528
1304 3543
884 1779
1388 1343
1220 1226
968 1047
212 1034
128 389
548 372
380 660
464 812
632 1834
800 1909
1136 2292
28 2860
1052 3269
296 3359
716 3442
2065 1529
1561 3709
2233 1404
2317 465
2149 1850
1981 1944
1729 2234
1477 2604
1813 2685
2569 2728
2401 2977
1897 3271
107 824
7 3866
1367 3624
275 1726
71 1459
611 1360
947 1258
1283 13
359 184
695 683
1031 1806
443 1813
779 2257
527 2368
863 2806
1115 3447
2632 1558
1456 3768
2548 3766
2296 3755
1792 1549
1960 1198
2380 187
1708 188
1624 541
2128 1902
1876 2577
2212 2978
1540 3390
2464 3482
990 846
1326 3626
654 1782
674 1697
1346 1685
338 1675
1010 1660
1158 1346
1178 1118
1242 276
506 685
50 721
1262 1851
234 2261
150 2516
170 2582
738 2759
318 2877
758 2939
422 3102
1074 3131
590 3139
486 3204
822 3240
1667 867
2611 3640
2423 1759
2191 1601
1603 1561
1499 1442
2087 1269
2255 1157
1751 1057
2003 237
1771 222
1435 129
2507 166
2023 557
1919 708
1835 830
2107 1869
1519 2014
2591 2255
2171 2426
1687 2594
2443 2764
1583 3085
2527 3411
1855 3478
549 3424
1221 1489
717 1439
885 1302
1137 1297
1305 1184
1389 900
633 85
381 172
297 479
213 2091
801 2670
969 2730
29 3053
1053 3345
1898 1733
1478 3918
1730 1465
2234 1369
2318 1277
1982 1192
1562 1170
2486 432
1646 349
1814 302
2402 558
2570 1936
2066 2068
1032 3431
192 3602
1116 1221
276 1132
108 1107
864 65
72 492
444 2059
8 2197
948 2385
1368 2727
780 2957
1284 2963
612 3019
1200 3020
696 3308
2381 3220
1457 3790
2549 3583
2045 1366
1793 1311
1709 14
2297 720
2465 740
2633 1807
1625 2041
2213 2799
1541 3159
51 3572
171 1408
739 342
1075 307
255 29
507 647
1347 664
1179 672
907 692
591 1793
675 1797
339 2053
1263 2146
991 2205
571 2252
1159 2514
423 2517
759 2547
87 2762
1011 2826
235 2898
1411 3270
1243 3324
843 3402
319 3555
151 3559
1940 1774
1920 3845
2004 3832
2024 3679
1520 3595
1584 1753
2192 1740
2424 1532
2612 1219
2592 1194
2444 1163
1772 1080
1836 990
1752 902
1856 506
1668 611
1604 1788
2360 2094
1688 2109
2088 2185
1436 2278
2340 2548
2276 2649
2172 2893
2528 3157
1500 3216
2108 3400
1054 853
30 3725
1138 3646
466 1744
298 1743
130 1520
1222 1352
214 157
718 2056
802 2281
1390 2783
886 2986
1306 3086
634 3187
382 3255
1731 1635
2235 3969
2067 3951
1983 89
2403 43
1563 448
2571 1838
1815 2007
2319 2929
1479 2954
2487 3107
1899 3214
2151 3578
277 3312
1117 3697
1201 3668
73 1751
613 1243
949 903
865 891
445 403
529 73
361 69
1285 30
9 511
697 2375
781 2974
193 3033
1033 3311
2214 3422
1458 1621
2298 1300
2466 1071
1710 918
2130 271
2382 70
1542 590
1794 725
1962 1960
2634 2119
2550 2202
1626 2816
236 1712
592 3692
404 3607
992 1670
172 1662
656 1592
320 1505
152 1190
824 1176
928 1139
340 1051
844 422
88 243
1348 216
424 206
1412 141
740 766
1096 1948
508 2064
256 2196
1264 2211
676 2471
572 2615
1328 2623
760 2702
1160 2824
1180 2828
1244 3077
488 3336
908 3337
1012 3371
1669 196
2193 3848
2109 1724
2445 1713
2025 1700
2613 1679
2341 1145
2361 103
2509 538
2529 739
2173 863
1501 1826
1753 1853
1941 1987
2277 2358
1437 2380
2089 2428
1857 2658
2593 2839
1921 3003
1689 3043
2257 3046
1837 3435
2005 3480
1585 3484
383 1491
1055 3677
215 1102
467 220
1391 488
299 1835
887 1859
551 2114
971 2289
31 2304
131 2590
1223 2697
1307 2773
635 2922
719 3448
1984 856
1900 3589
2320 1123
2236 247
1564 242
1732 1786
2068 1891
1816 1954
2488 2996
1648 3248
362 87
866 3853
1034 1695
446 1562
614 1472
1286 1031
278 106
74 667
950 746
530 793
1202 1999
110 2204
1118 2709
698 3404
194 3477
2467 3235
1795 3596
2551 1734
1459 1370
2047 1110
1711 1067
2131 941
2299 113
2383 466
2635 483
1963 806
1543 2072
1879 2176
1627 2606
405 420
909 3671
1329 1210
153 1137
53 937
845 934
657 361
761 323
1181 300
677 295
1349 441
89 469
237 526
573 641
1077 1857
425 2017
509 2044
1013 2104
173 2248
825 2339
257 2357
593 2692
1245 2899
741 2979
341 3060
993 3076
321 3176
1097 3278
1413 3368
929 3433
489 3507
1670 1523
1942 3664
2194 3619
2110 1512
2614 1327
1774 1288
1502 1083
2006 1041
2594 383
2342 21
1858 127
2278 445
1690 772
2530 789
1438 1791
2426 1911
1838 2152
2026 2180
1754 2369
1606 2424
2090 2477
2258 2507
1922 2543
2174 2928
2446 2961
2510 3007
1586 3192
2362 3211
132 1749
720 3871
300 1513
468 1507
552 1287
1056 996
804 122
216 532
32 1997
1140 2605
1392 2990
384 3243
1224 3407
888 3445
2405 418
1817 3850
1649 285
1481 16
1565 186
2489 192
2573 844
2237 2032
1733 2231
1985 2533
2321 2843
2069 3490
11 3265
1119 3948
75 1400
867 1344
447 1092
783 1011
111 1866
615 1951
1203 2079
195 2400
699 2535
363 2560
951 3009
279 3014
1035 3149
1964 2868
2132 3744
1796 1611
2048 1468
1628 1289
1544 1208
1460 892
1880 714
2552 787
2636 862
2468 1836
2300 2092
2216 2437
1712 2804
658 1623
510 3917
1098 3889
1182 3759
594 3720
490 3674
742 3643
1330 3581
258 1431
826 1384
1078 424
574 369
1266 332
1014 325
930 268
994 83
678 592
1162 829
426 1843
1246 2070
1350 2083
238 2225
174 2254
910 2587
322 2803
54 3010
90 3252
762 3333
1923 278
2279 1780
1439 1456
2195 1423
2027 1382
2447 1263
2259 1142
2511 1099
1587 1062
2615 1023
2007 1007
1839 989
2427 59
2343 15
1943 462
2531 510
2363 548
1671 622
1859 868
1691 1881
2111 2222
2175 2389
1523 2854
1503 3206
1607 3292
2595 3396
1755 3453
721 1745
1225 3603
973 1731
637 1673
33 231
553 38
889 552
1141 1971
805 1998
1393 2181
133 2318
1309 2408
217 2766
301 3093
1057 3150
385 3410
1986 2439
2406 3952
2490 3910
1482 3617
1902 930
2238 380
1818 228
2574 573
1650 638
2070 754
1566 792
2154 1883
76 3375
1288 1632
868 1420
700 404
280 120
1036 442
112 1820
952 1907
616 1964
532 2213
1372 2279
196 2346
364 2470
1120 2771
448 2847
2217 870
2385 3714
2553 1321
1965 1181
2049 1106
2637 1025
1797 2387
1545 2442
2469 2498
2133 2586
1881 2597
1461 2820
1629 2944
659 1681
155 3964
911 3621
1247 3584
1351 1545
995 1473
827 1361
1415 997
407 433
343 414
55 327
1183 27
575 197
743 663
931 765
1015 1976
175 2054
847 2129
1331 2193
1079 2341
323 2425
511 2849
1099 2890
1163 2949
91 3058
239 3062
1267 3367
679 3502
595 3579
2196 412
1692 3950
1524 3884
1840 3703
1924 3654
1860 1433
1672 1286
1756 1033
2280 962
2176 39
2008 551
1944 834
2448 2049
1588 2182
1440 2302
2260 2648
2616 2688
2596 3125
2428 3221
2532 3304
1776 3428
806 3226
1394 3890
386 1484
470 1320
974 1272
722 916
302 306
218 533
1142 700
1310 1794
890 1814
34 1950
134 2384
638 2404
1058 2515
1226 3110
1483 3533
2407 3904
1819 3846
2491 3747
2155 1413
2071 256
1567 227
2323 450
1987 563
2575 2324
1903 2993
1735 2997
1651 3434
113 1620
77 3936
701 3927
1121 3902
281 1452
1373 1291
1289 923
449 2089
197 2173
13 2818
533 2863
365 2881
785 3017
617 3164
953 3186
1037 3224
1205 3293
2218 3352
2386 3824
1966 3636
1798 1564
2554 1331
2050 352
2470 23
2134 475
2638 790
2302 2075
1462 2534
1630 2578
1882 3268
512 425
764 3901
1248 3627
408 3597
912 1538
1184 1534
492 1355
1332 1166
176 1054
92 1030
576 895
848 376
680 339
428 315
324 60
1164 730
1268 1846
56 1963
1352 2526
1100 2633
260 2813
1416 3050
744 3372
1080 3388
2281 779
2093 3814
1945 3785
2429 3777
1673 3718
1589 3649
1841 1742
2029 1624
2533 1402
1861 1362
2197 877
1925 367
1505 205
1757 109
2113 178
2345 562
2009 614
1525 777
1609 2782
2513 2902
2617 3134
2177 3319
2261 3343
1777 3351
2365 3525
807 1576
975 3940
35 75
639 652
891 759
1311 1900
1059 2111
303 2208
387 2454
471 2637
555 3242
1395 3394
1227 3456
219 3539
2492 3170
1652 3967
1568 1717
2072 1180
1736 1078
2240 258
1988 230
1484 210
1904 96
2576 1942
2156 2940
2408 3133
1290 1757
534 3690
282 3622
954 1503
198 335
1374 537
702 601
114 699
1122 716
786 2060
14 2271
450 2394
618 2481
870 2634
1206 3276
1463 3318
2135 3842
1631 3781
1547 1386
2471 245
1799 1815
1967 1872
2639 2098
2387 2238
2219 2852
1715 3119
1883 3307
345 3497
1081 3946
933 3914
1249 3855
1353 3794
745 3711
661 3705
1417 1234
1185 995
261 88
1017 134
1269 156
765 159
241 561
829 567
597 718
177 732
997 748
577 1790
93 1919
1101 2011
913 2589
681 2672
409 2915
325 2934
849 3055
1333 3290
429 3378
1946 788
2030 3939
2366 1732
1694 1683
1862 1492
2618 999
1526 988
2198 468
2450 1920
1610 2347
2534 2528
1442 2662
2282 3516
388 2919
1396 3876
976 1589
1312 1575
724 1020
1060 994
1144 446
36 495
640 516
472 717
220 1903
304 2021
136 2409
1228 2551
892 2579
808 2775
2157 1580
2241 878
1989 350
1905 74
1569 140
1485 584
1821 2301
2577 2445
1737 2798
2409 2910
2073 3172
1039 3228
1207 1602
535 1389
871 1244
955 975
787 143
199 534
367 607
15 1885
115 2006
619 2122
1291 2539
451 2652
283 2895
1123 2923
2388 3576
2052 3819
2304 1038
2220 312
2136 453
1716 507
1800 2038
1464 2414
1632 2758
2640 2964
2472 3142
1548 3193
2556 3232
1968 3272
1884 3450
1102 3459
410 3835
850 1711
662 1640
682 1308
514 1131
934 1024
1270 952
1334 411
578 292
1418 218
746 482
346 609
242 803
1250 1894
1082 1916
1354 1943
998 1981
262 2141
494 2203
830 2627
158 2675
326 2725
1018 2787
58 2872
1166 3012
914 3109
178 3173
2115 3439
1779 1663
1695 1563
2199 737
1527 1904
2283 2013
2535 2228
2367 2308
1611 2352
2031 2434
1443 2575
1863 2747
2619 2874
1947 3103
2451 3427
641 3494
725 3723
557 1682
37 1641
1061 1481
137 1453
389 1018
1145 596
221 603
1397 676
893 705
305 2158
1229 3162
473 3195
1570 3455
2094 3797
2262 3686
1842 1617
2494 1437
2074 1392
2430 1035
1506 341
2158 320
2346 63
2514 529
1926 571
1674 594
1990 709
2578 1953
1758 2178
2010 2406
1906 2875
1738 2968
1486 3158
1590 3254
2598 3328
2326 3356
368 849
956 1755
1040 1678
284 1495
200 1161
1376 1151
536 931
1208 459
116 486
620 645
872 825
704 2024
452 2078
16 2250
788 2431
1465 3393
1633 3817
2053 1372
2641 1238
2137 1144
2389 54
2473 491
1801 736
1885 1800
1549 3002
2557 3016
1717 3042
2305 3199
243 808
495 3722
263 3670
59 3639
1167 1379
1083 1029
515 904
159 324
327 280
1103 266
347 76
411 20
599 97
767 723
1271 1895
935 1986
663 2216
1355 2235
1251 2411
1335 2546
1419 2800
95 2835
831 2885
851 2918
915 2991
179 3121
683 3161
747 3332
1019 3518
2620 3247
2368 3693
2452 1615
1696 1486
1612 1019
1444 259
2032 149
1864 1887
2116 2626
1948 2821
1528 2837
2200 3030
1780 3185
726 434
390 3738
1230 1496
642 1385
138 1381
222 1260
810 1178
1146 236
978 684
38 2336
1398 3237
1314 3287
1062 3313
1843 1669
2243 3658
1675 1644
2263 1351
1487 52
1591 474
2599 1933
1907 1958
2431 2149
1739 2153
1823 2240
1991 2520
2347 2601
1507 2643
2327 3023
2075 3079
2095 3144
1571 3317
1655 3347
2515 3355
2495 3381
2011 3441
1927 3468
873 3554
117 3961
453 3856
285 3765
369 1604
1209 1427
1125 478
621 750
17 2199
957 2245
705 2569
201 2669
1377 2678
537 2748
1970 3029
2138 3613
2222 1668
2474 1356
1886 1330
2306 958
1466 400
1634 46
1550 444
1718 654
2054 2023
1802 2162
2558 2723
180 201
1356 3843
580 3815
936 3685
60 1471
664 1418
496 1333
1168 1196
328 1159
852 1042
1272 1008
600 176
160 503
1420 1871
1000 2093
264 2113
916 2159
684 2223
1252 2438
748 2715
412 2731
1104 2896
348 2960
432 2967
244 2995
516 3114
768 3210
96 3266
1336 3384
1188 3409
1084 3454
2369 3008
2033 3638
2117 924
2537 587
2201 608
2285 666
1865 1809
1781 2080
1949 2614
1697 2815
1529 2891
2621 2952
643 3464
979 3907
1231 3773
1315 1500
39 1446
811 1253
559 390
1063 351
223 130
1147 785
727 2576
475 3088
307 3116
895 3279
2580 3408
2096 3816
2348 3669
1572 1227
2076 1212
1592 1001
2432 274
2160 631
2516 1930
1488 2042
2264 2277
2412 2444
1424 2453
2012 2474
1656 2527
2496 2550
1760 2686
2244 2962
2600 2989
1676 3013
1908 3202
1508 3285
454 2909
958 3928
202 1397
1042 1323
1210 1060
1294 1037
790 707
622 1821
874 2172
538 2251
118 2263
18 2274
1378 2331
370 2374
706 2691
1635 3379
2055 3942
1467 1541
1803 1021
2139 927
1887 275
2475 233
1719 589
2307 776
2391 1861
1551 2262
2559 2562
1971 3113
265 799
1105 1765
665 1761
581 1758
685 1723
1021 1593
769 1485
937 1239
1085 1016
497 980
413 330
97 208
517 40
433 121
349 193
917 447
1001 706
601 2040
1273 2046
1337 2280
853 2557
1421 2840
749 2858
245 3011
1189 3143
181 3146
61 3190
2034 3446
2202 1657
2286 1571
2370 1525
2454 1298
1698 1133
2538 1026
1614 358
1950 2195
2622 2721
1782 3212
1530 3219
2118 3330
1400 1687
392 26
1316 2051
224 2294
896 2502
1148 2624
40 2750
476 2778
644 3167
560 3323
1929 1667
1509 3864
2265 3837
2077 3784
1657 1613
2245 1394
2433 1336
1593 970
1425 966
2161 951
1677 217
2413 154
2097 171
1573 523
2581 773
2329 1804
2517 2020
1741 2086
2601 2171
1845 2177
1761 2287
2497 2329
2181 2509
2349 2831
1993 2980
2013 3096
707 429
1043 1509
1379 1432
455 1274
1295 1082
203 125
1211 545
959 2402
19 2654
791 2897
875 3310
119 3322
1127 3517
287 3537
539 3544
1888 3535
2392 3885
2560 1766
2056 1448
1636 1310
2308 1053
1804 297
2224 214
2140 2708
2476 2796
1468 3246
1972 3501
602 3397
1190 1583
518 936
434 219
98 621
350 1828
266 2622
770 2655
1358 2663
1022 2780
62 2832
686 2844
854 3038
2455 3491
2119 3780
1783 3769
1447 1540
2623 36
1951 597
2287 1914
2371 2099
1531 2150
1867 2496
1615 2499
2203 3047
2539 3314
1065 783
1149 3851
981 1633
897 1557
477 1357
141 1247
309 1086
561 105
1317 476
393 1796
1233 1817
1401 1966
41 2019
813 2433
729 3417
2582 1677
1426 3761
1742 3734
1678 1325
2246 1231
1510 1214
2266 1044
2182 1027
2330 384
2518 53
2078 786
2014 1874
1490 1912
1826 2142
1930 2538
1846 2600
1994 2656
2098 2793
1594 3137
2602 3316
2414 3437
1658 3469
1574 3488
2350 3558
960 3552
288 3944
1044 3888
876 3681
540 1704
1128 1696
204 1544
1212 1419
456 1395
792 1270
708 1232
1296 378
120 51
1380 734
624 3099
20 3546
2561 3520
1469 3937
2309 3811
1637 1686
1721 1307
1973 1215
2225 272
1889 2430
2477 2494
1553 2700
1805 2892
2393 2924
2141 3056
1275 3549
939 3897
1191 3588
183 1480
99 914
1107 286
1359 168
1023 858
351 2027
435 2067
603 2221
771 2616
855 3073
267 3198
519 3366
2204 3057
2372 3802
2456 1530
1952 1409
2120 1111
2540 94
2036 115
1700 580
1532 852
1868 2004
1784 2120
2624 2230
2288 2383
1448 2647
1066 3481
730 3941
646 3823
1338 3752
42 1771
982 1316
1002 1205
330 1136
1234 1121
78 1058
1318 987
666 973
814 145
1402 439
1150 487
414 512
1170 564
562 595
1086 616
162 800
246 871
394 1924
582 2156
1254 2541
834 2879
898 3344
1763 1770
2603 3970
2351 3868
2079 1768
2435 1730
2247 1643
1847 1605
2099 1140
2519 1094
1659 170
1595 598
1931 651
1511 744
2331 2218
1827 2236
2163 2249
1995 2265
2267 2463
2499 2467
2583 2734
1575 2925
1491 3165
1911 3401
2415 3430
1679 3561
21 3018
709 1539
289 1383
1045 1185
1213 310
457 254
541 677
1381 761
877 791
961 1913
1297 1988
793 2418
373 2856
2226 3465
1638 1262
1470 343
2058 293
1554 291
2562 270
1890 2
1974 131
2142 833
2478 2446
2310 2518
2394 2810
1806 3001
604 3070
184 3920
100 1587
1360 1363
352 1278
1024 1158
1108 200
268 646
436 2018
0 2102
520 2164
772 2370
940 2676
1276 2696
64 2753
688 3036
1617 3573
2373 3633
2289 1565
2205 1517
2457 1113
1701 1039
2541 82
1449 618
2121 633
1785 850
1869 1975
2625 2495
1533 2882
1319 1727
731 3821
1339 3717
583 3657
227 1631
79 1444
1067 1049
1087 876
395 362
1151 45
563 167
415 484
1003 575
1255 639
479 655
983 1882
835 2116
247 2168
331 2364
667 2464
1235 2531
1171 2555
647 3080
163 3083
899 3233
1512 1688
2332 3787
1660 3736
2416 3656
1764 3611
1596 1630
2584 1451
1932 1315
1828 1233
2520 1146
1680 1043
2436 979
1428 957
2080 938
1912 393
2016 253
2268 454
1848 615
1576 2022
2248 2269
1744 2413
2604 2447
2184 2540
1996 2630
2500 2631
1492 2770
2352 2888
1298 3256
22 1193
1214 263
374 211
1046 542
542 1959
794 2055
962 2206
290 2296
710 2503
458 2807
878 2976
1975 3547
2395 3812
1723 3590
1639 1428
1555 1376
1891 944
2059 1923
2227 2048
2563 2462
2143 2545
1471 2938
2479 2975
1807 3522
2311 3541
941 3239
269 3795
101 1720
1361 1217
1277 955
689 909
1025 501
437 527
1193 847
521 1934
1109 1949
353 2745
857 3034
605 3132
1618 1784
1954 3965
1534 3899
1450 1762
2206 1474
2290 1179
2542 543
2626 711
2038 2186
1702 2321
2374 2752
2122 2853
1870 2966
332 1693
480 3883
648 3803
80 1556
584 1547
396 1511
564 1461
416 1417
144 1359
1320 1342
816 1070
312 981
732 430
1340 365
1004 710
1256 821
228 848
984 1972
44 2401
248 2405
836 2544
1068 2722
1404 2912
900 3129
500 3154
1152 3160
1088 3200
752 3289
668 3294
1236 3415
920 3536
1172 3545
164 3560
1765 3457
1493 1689
1681 1374
1513 1164
1745 1010
2249 912
2081 883
1997 209
2333 91
1849 457
2185 625
2521 742
2605 835
2017 1839
2417 2087
2437 2123
1429 2220
2585 2350
1661 2460
1913 2599
1829 2689
1597 2756
2165 2827
2353 2841
2269 3052
2101 3275
963 3553
1299 3701
627 3667
711 1584
1383 921
291 875
1215 229
375 764
1047 1848
795 1856
543 1908
23 2519
123 3500
879 3512
207 3540
1640 3222
2144 3926
1808 3858
2060 3753
2312 1772
2228 1228
2564 1087
1892 1076
1556 108
1976 637
1472 2144
2480 2194
1724 2593
1194 1568
2 3938
858 3635
942 3601
606 1285
66 215
1278 485
774 689
1026 760
1362 841
270 2131
438 2151
186 2486
1110 2812
522 3075
354 3208
1871 1746
1787 3893
2123 3827
1955 1154
2375 1126
1535 8
2627 1858
2207 2337
2291 3028
2459 3135
2039 3423
2543 3438
45 3511
1153 3882
145 3878
249 3831
1069 3767
1405 3625
1321 3591
1257 1542
1089 1501
501 1268
985 1256
817 1235
397 1122
313 1098
481 956
1237 899
649 397
585 255
733 56
165 112
921 124
81 547
1173 650
1341 1917
417 2309
333 2416
669 2524
753 2552
229 2598
1005 2769
901 2817
1914 823
2522 3872
2606 3710
2354 3586
1494 1390
1682 1202
1934 1127
1850 961
2250 356
2334 238
1662 6
2102 152
2166 687
2418 703
1578 1906
1598 2030
1746 2210
1830 2242
1430 2290
2586 2305
1514 2581
2018 3460
544 3403
376 3822
1384 3587
964 1537
1132 1490
1300 1345
24 880
460 64
124 5
628 31
796 2154
292 2838
1977 3568
2565 3813
2145 1455
1473 1216
2481 386
2397 346
2229 77
1641 180
1557 2121
2313 2666
1809 2855
2061 3039
607 3299
1027 3630
943 1497
187 1089
1363 1072
775 257
3 241
523 191
691 635
1279 859
103 869
859 1825
67 1884
1111 2219
439 2227
271 2291
1195 2786
2208 828
1872 1595
1620 1436
2628 1406
2460 946
1788 449
1956 520
1704 546
2544 657
2124 2112
1452 2738
2376 3032
2040 3117
2292 3205
146 3556
250 3971
818 3929
502 3908
482 3743
1406 3666
166 3655
1006 1658
230 1398
734 1153
334 1124
1342 1093
1154 933
418 415
1090 371
314 261
922 250
82 116
986 593
1174 670
1238 2063
838 2591
1322 3026
1070 3148
398 3334
650 3348
2335 743
2167 3881
2103 3852
2439 3729
1599 1599
1767 1434
2083 1105
2187 1097
2503 1048
2271 967
2419 142
1663 435
1915 738
2019 2253
2251 2266
2587 2397
1999 2574
1851 2713
1831 2878
1579 2953
2355 3168
2607 3360
1683 3523
713 1694
1217 3779
1133 1628
1301 1236
1049 1189
461 354
965 202
125 4
797 549
545 628
1385 2096
881 2395
209 2668
629 3231
293 3241
25 3264
377 3376
2482 3303
2230 3900
2062 1748
2566 1626
2398 396
1642 61
1726 556
1894 1927
1978 2680
1474 2794
2314 3251
440 781
188 3972
776 3887
272 3585
860 1578
1028 1339
68 98
1196 2215
4 2307
1112 2393
944 2468
1280 2525
608 2994
356 3066
692 3115
104 3223
1621 3380
1957 1464
2293 1309
1705 1169
2545 1012
2377 948
1789 68
1873 1841
2125 2362
2461 3104
2629 3284
335 42
83 3865
567 3833
1259 3754
167 3672
903 1718
755 1647
1239 1112
315 137
1071 460
587 581
1343 775
987 1816
399 1990
1407 2003
1007 2136
819 2367
839 2373
503 2423
231 2440
923 2459
147 2673
419 2741
483 2908
735 3128
1155 3392
2524 1559
1664 3909
1684 3749
2588 3694
2000 3691
1496 1293
2272 1125
2104 405
2188 207
1832 133
2608 463
1516 515
1936 554
2336 577
1852 818
1916 2016
2020 2553
2252 2566
2356 2572
2504 2584
1600 2950
2084 3084
1580 3177
1134 1715
462 3834
714 3805
966 1642
1386 1479
1050 1445
1302 1250
1218 1000
26 963
882 854
546 2342
630 3081
798 3496
1979 0
2315 3963
1559 1777
1811 1467
2483 1443
2063 1261
2147 490
1643 753
1727 2097
1895 2390
1475 2417
2567 2450
2231 2452
2399 2946
1365 1754
357 3861
609 3807
1281 1147
1113 308
189 71
1197 161
525 2125
273 2568
945 2596
105 2884
5 2942
777 3471
861 3542
2126 190
2294 1514
1454 12
2546 110
2462 662
1958 733
1706 763
2378 1929
2210 1977
1622 2229
1538 2398
2630 2478
