!Alpha: 0.700000!Shared Interactions vs Total Sequence Similarity: 9549 75.261419
!Global Score: 6706.878425825009
3 1964
324 1243
1112 1064
860 466
240 1338
104 110
608 1837
1028 898
576 1117
272 235
776 1023
912 1695
35 1688
744 1132
492 30
692 1870
356 1482
72 1403
440 2386
188 2200
2060 1497
1640 503
2124 1305
1252 1945
2228 2255
1556 2289
1368 2219
2208 1122
1976 2411
1924 925
1872 2164
1840 1392
1756 1883
2480 1655
2312 388
2596 1283
1336 557
1788 1012
2260 597
1304 480
1420 1116
1388 527
1220 1135
1472 1520
1168 193
1200 458
2460 2155
1588 1065
2144 2094
1808 855
2376 2244
1724 1766
1284 673
1136 936
2008 1619
2040 2303
1620 909
1452 1859
2176 2430
1892 2182
2628 1765
1672 2028
1704 1481
755 1917
1123 538
83 1053
639 1739
787 349
955 2299
975 1965
283 314
471 423
335 1578
419 1270
451 688
199 662
303 1230
587 1714
891 1434
503 723
923 1934
807 1365
1039 1035
555 2032
871 1414
219 1533
387 1148
619 123
1059 811
1007 1698
839 978
51 1525
115 1673
367 1236
535 149
1851 830
1315 756
2155 1137
1399 2006
1735 1011
1903 1298
2575 832
2555 269
1347 1887
2439 1261
2355 139
1599 649
2187 1003
2387 1756
1799 1079
1715 1496
2491 566
2639 860
1211 776
2323 150
1651 1449
1179 1325
1547 1916
1767 950
2471 1752
2071 1077
2219 365
1147 1971
2407 1408
2607 300
1231 2418
2019 185
1295 1351
2271 1737
2103 92
1987 800
1631 214
1683 421
1567 1537
2135 2037
1819 2013
1967 2207
2239 2204
1883 678
1379 2236
1483 653
1263 2224
25 1784
798 1409
902 2295
430 729
714 1543
818 2391
178 134
482 1824
650 838
346 0
210 2276
62 613
398 739
734 67
146 170
230 1762
934 2359
986 1017
682 834
546 763
314 1607
514 1646
882 97
630 12
1070 487
1050 1330
262 85
1242 206
2418 1725
1662 1361
1862 218
1158 1373
1694 750
2166 320
1578 322
1526 594
2030 1875
1190 743
1914 116
2198 510
2534 719
2250 1446
1830 410
2618 49
2586 1754
2334 113
1946 1177
2366 2363
1358 1142
1610 1360
1998 990
1326 1795
1442 1871
2282 384
1494 1978
2450 353
1746 411
945 813
73 2435
745 1207
105 41
241 1323
997 2208
1081 1450
609 2406
913 1047
525 2138
273 2136
577 144
36 329
357 2231
661 706
1029 1205
777 807
1305 845
1977 2179
2009 922
1673 1232
1705 2173
1389 200
1873 1558
1421 402
1809 2058
2061 1854
1473 1152
1957 1052
1337 754
1285 1993
2229 1368
1201 794
2177 864
2481 1536
1925 1885
1137 374
2397 1565
2461 2148
2513 2177
1221 1726
2293 752
2093 274
2629 1848
1841 61
2125 1398
2145 106
1589 1485
2313 59
2261 2416
976 1385
724 1055
1040 1500
536 1146
504 1101
672 591
640 2071
620 600
1092 464
808 2268
472 407
388 1984
220 1516
788 2209
84 805
368 1899
704 278
284 1820
116 1160
840 1932
588 2087
1060 55
200 2090
136 2334
892 651
336 2003
452 13
252 1306
15 693
1008 2159
1652 2154
1212 2137
1600 1834
2408 897
1148 1149
1852 1042
2388 1255
1348 724
1516 1789
1296 900
1884 877
1632 782
2220 1464
1484 1332
2492 1441
1904 2042
2556 1220
1316 280
2188 2203
1568 253
2576 2427
1716 987
2608 460
2104 2180
2272 769
1548 1224
1800 690
2052 1376
2072 1221
2356 367
2472 290
1264 2387
1380 1143
1400 2014
2524 1851
2240 142
2156 1829
2020 1759
1180 2198
1684 945
1464 1266
2304 858
1988 905
1968 1251
1936 595
2640 21
851 1263
799 38
127 1706
295 804
547 369
1103 992
767 1216
735 570
1019 392
1051 2315
211 1664
819 1696
987 534
631 2040
683 1043
347 63
935 2181
179 347
95 1393
315 1571
903 839
379 127
515 273
483 1547
231 836
263 2290
883 103
967 1504
599 1687
463 2168
26 2034
1915 2264
1243 450
1611 870
2587 2130
2199 1606
2251 2234
2535 482
1495 806
2335 1890
2031 330
2167 826
1527 879
2083 1796
2503 221
1579 2157
1159 472
1863 1096
1947 2417
2283 634
2367 2349
1275 2178
1443 1466
1779 389
1411 1015
2115 267
2419 257
1695 1277
1663 920
2619 358
998 852
1030 1668
662 343
1082 1172
326 1963
37 1402
106 2191
242 1677
610 42
358 1616
778 2278
1114 1217
578 147
442 57
830 1645
494 248
694 2062
862 508
158 1118
914 2370
74 101
946 1019
2314 844
1222 181
2346 93
1474 787
1706 444
2062 1535
1590 630
1790 385
2566 1353
1726 862
1254 1901
1286 1075
1390 1728
1306 279
1926 1882
1842 128
2094 2077
2430 859
2482 760
2010 1124
1338 1716
1758 449
2514 390
2262 1412
2294 1659
1138 1633
2230 726
2546 1182
2398 96
1538 833
2126 39
1674 1051
2462 2324
1978 1036
1622 2396
1202 809
1894 2093
2378 224
873 861
421 1329
1061 196
621 954
673 1549
1093 405
537 203
641 1856
1009 2023
285 539
16 1315
389 1194
841 361
53 1936
925 1239
893 2323
473 192
305 2149
369 579
137 2277
453 2227
117 1611
221 1551
725 1974
589 83
557 302
1213 1467
2157 1654
2441 1454
1297 1426
1265 456
1149 1281
1517 1591
2053 1583
1717 972
2273 2143
1685 1123
1905 265
1381 53
2609 1218
2189 1016
2389 607
2357 1102
1349 1362
1181 1491
1549 240
2073 652
1317 547
2641 1162
1801 734
1601 617
2473 1211
1433 241
2021 1896
1769 212
2241 2366
2525 977
2557 28
2409 1987
2105 694
2577 260
1569 1676
1233 283
936 1816
432 666
600 1975
316 772
348 1691
904 641
27 2065
64 462
988 1809
852 1858
264 1486
96 888
400 2150
180 1811
232 475
768 2056
684 1167
516 1531
1072 1919
736 1563
2504 501
1528 2294
2252 484
1696 2306
2368 2175
1244 2424
1748 575
1496 1615
2452 778
1612 208
1360 262
1276 2161
1412 2364
2116 1022
1780 297
2620 413
1328 2343
1160 2376
2588 2192
1916 1628
1864 553
1580 492
2032 768
1832 2357
2000 1370
1444 1788
243 622
947 151
695 1417
275 1839
527 2069
38 2419
75 94
411 1523
159 2196
107 1494
1083 455
663 321
1115 1302
359 1748
747 578
327 884
611 66
443 1836
831 1274
1031 2122
2567 2269
2147 1471
1559 356
1307 984
1979 292
2483 1057
1287 910
1707 2273
1843 573
2631 108
1591 2347
2063 2390
1203 701
1623 1545
1675 1556
2547 1703
1927 1920
2263 2210
1791 2325
1255 2017
1895 798
2043 1009
2599 1743
1223 751
2515 2389
2431 2011
2399 1787
1391 1050
1475 518
2211 194
1455 1845
1875 46
2011 1431
2095 323
2295 2099
1539 777
2347 2371
2315 1791
1171 1632
1643 481
590 1566
674 1086
306 135
874 2141
726 633
54 1262
118 1715
810 2241
422 359
86 1625
758 1280
622 52
222 2057
138 1546
1010 1378
1062 700
17 1130
958 5
642 2106
538 1068
790 29
338 1550
978 409
1042 875
706 526
370 1694
1126 1260
506 1777
170 2292
2190 175
1214 146
2442 1680
1970 1348
2158 65
2610 1986
2358 1291
2274 1084
1718 1928
2494 2001
1350 1573
1802 928
1770 680
1182 1487
1938 1713
1854 631
2106 1744
2022 2248
1466 317
1738 399
1402 1278
1434 2214
1318 795
2474 1985
2526 511
2054 468
2222 295
1150 47
1602 665
2578 2326
2306 728
1686 1379
1886 1364
1518 1707
1634 761
1298 817
265 1313
97 1700
937 8
737 1579
653 986
853 397
769 1572
821 2096
1021 2251
181 524
601 1144
233 277
685 2029
485 1358
28 186
989 1354
433 2126
401 2030
517 2373
349 1636
569 747
149 210
2033 1994
2505 587
1833 601
2337 735
2253 1915
1361 846
1949 938
1665 1753
1413 1650
2453 20
2001 250
1193 1339
2201 1942
2169 1600
2589 956
1917 1415
2621 1797
1277 1489
1329 1918
1245 117
2085 1865
2369 572
1749 1195
2421 2397
1581 1153
1529 1983
444 559
328 1200
968 1586
1116 350
864 437
748 532
44 1712
884 1513
1084 995
664 1470
1032 225
412 1900
212 1638
7 2369
244 258
1000 2171
496 143
696 1967
192 1760
548 275
580 574
76 1642
632 1026
716 272
160 2351
296 1294
800 1886
916 1982
612 1750
948 627
276 91
464 975
1052 1028
780 183
380 2297
2148 1873
1308 443
2348 1818
1812 913
2464 1249
1456 683
2180 1526
1876 355
2568 118
1708 999
2400 276
1792 2333
1508 1237
1340 2426
2264 835
2516 190
1392 537
1960 334
1224 431
1424 1804
2600 326
1372 286
2232 1170
2548 1966
1728 1868
1256 1763
1760 1761
1560 519
2432 703
2380 1319
2096 866
2012 1476
2128 1265
1980 915
1592 2146
1896 642
1676 2121
1624 894
1172 561
2316 2367
2064 1083
1140 2085
2632 657
539 2139
591 1843
707 1717
1011 1174
87 1609
255 592
307 1790
339 404
475 1247
875 2320
791 969
455 2293
171 931
843 160
643 1025
759 2205
55 1044
811 1705
1127 637
895 1333
979 2353
287 2233
119 1380
507 1073
223 247
727 485
559 1672
423 1863
203 476
675 1554
2475 332
1855 857
1403 1337
2559 1637
1487 1076
2139 491
1603 120
2327 1418
2243 15
2443 981
1299 1881
1151 1197
1719 105
1655 1040
1319 2105
1467 1168
2495 1720
1991 2169
1519 1976
1907 2102
2055 1069
1771 1749
1551 803
2075 1767
1235 816
1739 1129
1823 1147
1687 1345
2527 313
1635 156
2191 2313
2107 1648
1887 2392
1183 2015
1571 530
1971 1800
1435 1317
1383 1090
2391 311
602 1685
770 1347
29 1150
1022 1204
234 1203
854 1727
350 2431
266 161
486 298
686 1666
434 1618
318 1377
66 325
518 246
654 2383
402 2025
150 34
2538 7
1498 1581
1698 51
2254 1435
2506 370
2002 1106
2086 737
2454 1652
1362 605
2034 219
1194 1448
1278 1465
1666 878
2622 1228
1246 1374
2170 1828
1530 677
2422 112
2202 1350
1162 430
2118 159
1834 1732
1782 643
1330 1624
2286 2261
1950 558
1614 242
1918 668
1750 396
2370 226
445 1099
917 715
497 1303
633 1110
1053 765
297 1912
613 1528
1001 540
45 2298
77 1405
949 1998
465 342
801 762
213 1719
581 912
413 1030
781 2075
381 583
245 14
865 2202
697 1825
885 477
665 461
529 459
749 31
717 180
1117 1175
549 2123
969 635
40 2336
193 1597
277 1501
1085 514
1225 348
2065 398
1173 2165
2569 1798
2349 2361
2465 3
1709 847
1793 2246
2233 373
1141 445
2549 2206
1761 1299
2633 1335
1509 2393
1897 1001
1205 1087
2149 1639
1425 2010
2433 1812
1289 1420
1373 371
1813 434
2097 2054
2181 1490
1257 1502
2013 163
1477 1032
1393 2249
2297 771
1981 54
1561 1199
1309 764
1677 1831
2381 1842
1457 2375
2601 1242
2317 2008
2045 679
2401 1443
1593 1651
1645 1468
1541 335
1845 340
1341 422
56 1119
372 2140
960 1792
812 2129
1128 745
1044 1386
340 1991
624 1088
224 1821
876 1521
540 2222
172 2330
560 899
760 934
1096 2340
456 1844
288 1295
592 671
256 709
392 1913
120 1018
424 1801
844 1127
708 828
476 1799
308 965
204 1689
19 853
896 1649
928 1806
676 927
792 812
508 831
2244 1895
2496 2314
1804 639
1636 2218
1300 1567
2392 107
2476 1723
2560 1309
2360 911
1720 560
1152 2115
1888 506
1604 781
1688 1066
2580 991
1384 1560
2192 1477
1268 1907
1352 2074
1468 2335
2140 1658
2108 1627
1436 1461
2308 188
2276 1755
1940 1612
2444 1134
2076 1193
2160 1518
1520 469
1572 433
2024 424
1404 770
2412 1686
2056 2434
1908 640
2528 1562
519 1158
235 502
687 521
183 1802
1023 2318
435 842
487 1307
907 1093
99 625
151 1807
771 124
30 1862
739 137
1075 646
1107 1711
939 656
571 1671
991 58
603 2225
855 1005
351 1593
67 2385
319 1947
1531 1234
1783 1400
1163 1610
1835 2432
1195 1387
2423 2420
1279 1202
1751 1359
2255 856
1447 36
1667 1847
2507 1786
2203 1151
2003 360
1919 1166
2371 1768
2087 788
1615 2311
2119 2144
1499 507
1363 1835
2455 1241
2623 1961
1583 1331
1331 1943
2171 738
2287 1238
2591 2127
1867 308
1086 2145
530 1259
634 2425
866 1268
214 318
614 513
666 947
718 577
466 2108
950 195
886 1602
246 802
362 1684
330 1059
698 586
298 1469
446 1410
130 1701
78 1891
414 211
41 874
1002 1438
194 1120
278 2229
110 1857
1054 1969
1118 306
834 23
382 1341
162 174
1174 638
1594 1517
1542 1007
1426 2256
2098 1240
1342 588
1794 569
1814 993
2486 1456
1310 1322
1374 1948
1226 2043
2350 336
2130 1905
2214 2284
1626 997
1710 1208
1562 872
1510 1312
2234 2190
1478 1841
2014 1020
1678 243
1290 2053
2634 345
2402 2018
2298 165
1206 644
1846 1027
1458 1849
2318 714
2066 885
1898 2281
1962 976
1930 43
2602 239
2570 523
2466 1428
2550 1592
2182 1416
2518 669
1142 1004
1762 971
289 2000
1097 1585
1045 2120
1065 500
425 1394
225 2401
813 1244
477 1008
761 1822
981 1682
141 76
309 237
20 1813
541 917
1129 926
677 380
457 957
373 1423
877 648
729 296
1013 1693
341 88
793 2050
393 924
709 1186
897 2086
561 145
845 1171
509 599
929 1764
961 1923
2109 711
1185 1190
1941 549
2309 490
2477 515
2193 551
1721 403
1973 2117
1353 1674
2445 234
2413 417
1405 1334
2497 871
1385 2193
1637 1861
2361 1178
1237 1999
2529 19
2581 84
1153 645
2393 2279
2025 2230
2277 440
1741 201
2329 2101
2245 2288
1301 1921
1469 916
2561 1056
1993 428
2161 2404
1805 488
1321 1297
2077 1105
1573 1669
1657 2322
1217 1201
2141 2274
1269 1145
2613 2243
1889 2316
1605 2362
1553 1245
1857 919
436 1990
404 2252
520 821
824 674
236 2345
68 664
604 818
688 1555
100 2254
1024 304
184 689
856 2052
352 1349
656 363
772 1980
908 327
572 2047
1108 698
152 2403
320 1850
940 2067
740 620
268 1320
2172 998
1668 1344
2088 979
1164 1253
1332 590
2004 393
2340 880
1700 1805
2120 1590
2288 1539
1416 1459
1920 1878
1280 953
2036 725
1952 1453
1784 2382
1836 425
2204 319
1752 169
2424 933
1532 869
2624 742
1196 663
2540 100
1248 1534
1584 315
2592 2024
1448 223
667 2059
10 786
719 1827
247 2114
467 2436
111 2113
583 2312
42 2285
279 2109
131 1608
887 202
383 1256
1035 1214
699 1447
163 623
951 670
1119 2035
783 1103
1087 1852
215 1574
835 1437
195 310
447 2072
415 904
615 1181
971 2188
331 2304
363 45
299 1212
1291 293
1647 64
2351 989
2299 494
1479 647
2467 736
2551 2089
1815 1483
1879 386
1563 895
1595 1258
1899 176
1511 1078
2067 309
2383 1997
2235 2020
2131 1072
1963 707
2319 1436
2403 1927
1763 1542
1627 2070
2435 1029
2267 131
1395 474
1711 125
2047 2195
1983 704
1311 1343
2603 452
1343 545
1679 720
2635 1879
1459 2388
1731 2232
2151 848
2099 2271
1847 182
1795 744
458 650
962 1722
898 1439
90 1039
678 362
258 6
794 1169
1066 692
1046 1823
930 401
174 2280
730 1667
21 1833
646 1082
814 676
710 1475
374 1930
878 687
562 610
762 1746
982 941
1014 2124
510 98
426 951
542 307
1690 2265
2226 902
1386 2398
1574 435
2162 1085
2394 281
2058 883
1774 2409
2530 1734
1994 1388
1218 1510
1322 222
1470 68
1638 1421
2278 1
2026 400
1438 1048
1806 86
2078 1458
2310 1094
1742 493
1890 263
1858 438
1270 316
1826 26
1942 2049
2330 801
2414 655
2110 1846
1554 2305
1974 366
2582 843
2142 1098
2614 1855
1154 1257
1302 2022
1238 733
2562 73
2362 2184
1406 837
1658 773
1490 75
1109 626
605 970
909 1935
321 1267
573 2344
941 33
521 516
489 2116
1077 2033
269 774
32 1938
657 2372
437 2368
0 718
353 1564
101 1133
153 717
993 231
237 699
405 923
69 961
689 749
1249 996
2373 716
1869 1229
1197 1046
1585 1949
2425 1215
2593 964
1701 740
2005 1779
1617 2076
2089 27
1333 1198
1921 2408
2173 797
1501 1279
2205 324
1449 865
2341 338
2457 1411
1837 1355
1753 1954
2121 2262
1533 2399
1417 2133
2625 1877
1669 352
668 2176
416 602
280 1227
1088 1264
448 759
468 1656
720 1225
1056 1285
112 779
80 2414
1004 432
920 896
1036 621
216 173
364 790
532 2377
584 1629
700 746
836 2098
500 1440
332 2407
804 99
248 974
11 138
196 1589
752 2166
552 937
300 1396
616 1733
888 418
868 1128
2604 153
1796 454
2552 1457
1648 282
2016 379
1816 2331
2236 2245
2268 1532
2300 395
1512 121
1260 854
2048 1460
1228 2287
1932 1557
1680 1613
1848 1209
1564 71
1712 1995
2320 1157
1900 983
2488 546
2068 2118
1376 629
1396 827
1428 1704
1544 1231
1964 266
1732 1631
1984 1254
1312 205
1628 387
2184 730
1460 305
2468 140
2636 2063
1764 863
2216 555
1208 414
1880 122
291 606
815 944
395 157
175 2111
511 2220
91 251
123 868
731 89
207 1038
879 1284
427 2247
795 2239
847 536
931 1736
59 1484
343 439
479 1747
679 1506
1099 1957
899 985
22 168
647 2194
1047 509
375 2309
627 1451
563 1741
711 1276
595 1041
227 713
983 2272
1067 851
1911 1864
1523 1601
1187 2356
2363 1336
2279 1092
2395 1275
2079 1952
1575 1903
1239 1867
1155 1021
2027 825
1439 819
1407 2055
2163 907
1491 60
1639 2073
1827 1670
2479 1493
1303 158
2247 1894
2583 1248
1723 2350
1355 1062
1891 1524
1387 2296
2499 2223
2531 1271
1271 672
2143 2152
2311 2
2059 148
2111 217
1219 171
2415 1071
1607 1161
1691 268
2615 584
1943 1956
2447 213
1471 228
1555 2026
1807 1614
2331 903
2195 2091
1995 708
658 658
354 628
1078 1372
70 748
490 1097
270 2185
438 2237
186 141
1026 1399
1110 684
33 87
994 255
574 1559
826 1478
322 799
942 2172
774 1138
522 1442
606 2004
858 2260
742 1352
238 568
1250 660
2342 78
2174 968
2374 1326
2426 1973
1450 289
2542 1911
1334 1979
1366 465
2626 478
1670 254
1618 681
2206 1922
1586 940
1754 609
1166 2083
1502 2358
1838 618
1418 1972
2006 294
1534 1131
2594 962
2510 1941
2290 1511
2038 1908
2122 18
1870 1541
2090 2103
1702 284
1922 1282
2258 406
113 479
637 525
417 2084
333 1115
701 25
1121 731
669 946
785 2286
533 544
133 1126
553 1910
165 376
49 189
617 62
973 528
753 1180
721 288
249 499
365 497
81 1623
805 436
281 1033
385 1782
1005 1188
921 1599
217 935
1429 2213
1765 1389
2321 619
1629 675
1513 1210
1965 2226
2469 873
1177 2354
2133 1904
2605 337
1733 69
2353 571
1933 1327
2101 741
1597 1070
1849 942
1817 1223
2437 1914
2217 11
1797 1321
1209 1045
1461 2266
2069 533
2269 1690
1681 1988
1261 1233
1545 696
1649 2221
2185 1192
2489 133
1345 914
1145 2197
1565 2092
2237 1013
1229 2051
1985 1183
2553 2156
2573 1024
1481 1815
376 382
964 1113
460 1742
344 447
544 48
292 2036
984 1384
680 1422
900 1838
1100 109
796 943
396 496
176 1866
1132 56
732 1626
228 197
1068 636
124 1840
92 10
816 2216
60 2060
480 333
260 1924
312 467
428 882
628 261
564 753
23 1889
932 2199
512 685
848 215
648 1452
1524 154
1240 199
1744 1155
1356 654
2080 1794
1188 603
2532 1213
1408 1582
2196 661
1692 949
1776 2346
2416 550
2616 1382
1828 2338
1912 1819
1660 1902
1944 1530
1860 1621
1440 244
2584 1395
2248 1946
2500 2125
1576 1640
1272 2061
2448 1587
2332 589
1996 881
607 1740
103 612
1079 2308
575 1391
1111 1817
943 1286
271 1735
323 1548
995 2107
1027 1375
34 585
911 1300
407 420
775 952
827 1683
523 2007
239 697
155 162
2 520
659 1125
2175 543
1283 564
1671 2038
2123 2291
2207 906
1367 2348
2459 1869
1419 114
1955 921
1251 541
2007 614
1871 608
1755 486
1923 1366
2427 1100
2543 1340
2259 757
1167 2258
2039 238
1335 1114
2627 179
1839 2110
1535 2339
2375 130
1587 1584
2511 2327
954 556
786 505
838 822
386 890
218 1304
166 1959
302 415
366 1783
1006 341
806 522
282 604
198 2395
638 1529
974 2240
702 381
82 1605
114 2031
618 1474
922 1010
502 70
450 2378
470 2147
1058 252
534 1830
50 1929
13 1346
870 598
890 172
1090 1173
722 960
250 104
670 270
134 554
1122 791
334 1527
2050 785
2302 908
2238 1037
2218 892
1146 2170
1630 2128
2134 426
2574 2428
2554 1357
1650 1034
1882 1860
1294 429
2606 2342
1850 1724
2470 2021
1598 2267
2490 2153
2322 1462
1818 691
2638 1308
1210 1515
1934 394
1262 1222
2018 1721
1314 216
2102 1576
2406 451
1178 535
2522 1342
2154 1369
1378 1499
1902 119
2354 2257
1966 1139
1986 1634
1546 2027
1798 1292
2386 1480
1682 155
1514 1620
681 2009
293 1933
1101 1301
177 792
713 552
597 1006
345 562
765 259
933 1569
377 2134
985 1406
733 1803
901 1413
125 377
1069 1958
397 2410
629 1507
881 2045
229 177
1133 1445
145 1371
481 470
849 1293
817 2394
461 1463
24 1692
965 580
209 4
429 227
313 312
261 489
797 1054
1997 1780
1241 412
1189 2160
2585 2422
1861 1925
1609 2282
1577 1002
1661 1196
1945 829
2165 383
1829 1109
1745 2064
2029 2302
1493 887
2617 1617
1525 948
2333 1058
1273 32
2417 446
2081 2088
2365 1757
2197 2163
2533 1568
1913 372
1693 245
2449 705
