!Alpha: 0.700000!Shared Interactions vs Total Sequence Similarity: 9690 109.647614
!Global Score: 6815.894284327710
346 0
818 2391
934 2359
210 2276
902 2129
682 1961
482 1824
25 1784
230 1762
966 1658
514 1646
314 1607
630 1601
714 1543
798 1409
882 1392
262 312
178 134
430 103
146 32
734 67
398 739
546 763
650 838
1070 906
1018 990
986 1017
62 1036
1862 1202
1326 2236
2082 2232
1746 2089
2618 1896
2586 1702
1442 1686
2334 1648
2030 1621
1158 1532
2250 1378
1526 594
2198 510
2450 353
1578 322
2166 320
1946 306
1662 142
1914 116
1242 206
2282 693
1190 700
1610 706
2534 719
1694 750
2366 836
1494 917
1358 961
1830 1020
2418 1124
777 1166
609 2406
997 2208
273 2101
189 1842
73 1797
525 1634
1081 1450
105 1426
241 1323
661 514
4 365
36 329
577 144
357 180
945 813
913 1047
1505 1102
2145 2419
2513 2177
2461 2148
1201 2074
1285 1993
1473 1740
1705 1685
1621 1476
1957 1405
1589 1337
1389 1336
2629 1229
2229 576
1925 551
1169 447
1421 402
1137 374
1673 305
1809 3
2125 12
2313 59
1841 214
2093 274
2481 683
1221 742
2293 752
1337 754
1305 845
2177 864
1977 1010
2061 1013
2261 1078
116 1160
136 2334
808 2268
1008 2159
200 2090
588 2087
640 2071
452 1969
840 1932
536 1885
284 1820
252 1730
976 1385
788 1246
220 1228
620 600
672 591
892 538
1092 464
368 444
472 407
84 315
388 87
724 13
1060 55
1040 218
336 228
704 278
15 1090
504 1101
2304 292
2576 2427
1988 2396
1264 2387
1652 2374
1464 2358
1516 2226
2188 2203
2104 2180
1180 2141
2240 2107
2640 1977
1568 1900
1600 1834
2388 1816
2220 1805
2020 1759
1800 1617
1400 1499
2492 1441
2052 1376
1484 1332
1212 1321
1548 1224
2556 1220
1936 595
2072 482
1148 479
2608 460
1348 411
1380 127
1884 93
1684 39
2524 172
1316 280
2472 290
1296 675
2156 738
2272 769
2356 771
1632 782
2408 921
1716 987
1904 1001
1852 1042
1968 1085
735 570
935 2181
463 2168
599 2086
631 2040
26 2034
515 2015
231 2014
263 1742
211 1664
967 1525
179 1478
95 1393
379 1364
683 1304
767 1216
987 534
903 467
127 393
1019 392
547 369
799 38
347 63
483 679
295 804
715 863
819 922
883 965
851 979
1103 992
315 1077
1051 1170
1243 1068
1947 2417
2367 2349
1443 2214
1579 2157
2115 2037
2419 1930
2335 1890
1611 1886
1863 1787
2199 1606
2535 1531
2503 1358
1411 1221
1663 587
1159 472
1695 445
1779 389
1275 113
2283 634
2251 641
2031 705
1527 879
2167 907
1915 946
2083 973
2619 991
862 508
778 2431
158 2357
106 2191
694 2062
326 1963
1030 1895
494 1726
242 1677
830 1645
358 1616
914 1593
1114 1217
37 436
662 343
578 147
610 42
526 223
998 678
946 821
74 1128
442 1135
1082 1172
2062 281
1674 2258
1706 2162
2430 2104
1894 2093
1338 2029
1222 1933
1202 1928
1926 1882
2314 1843
1254 1723
1758 1720
2230 1673
2346 1668
2294 1659
1138 1633
2126 1592
2462 1568
2010 1522
1726 1468
2566 1353
2262 502
1474 489
1390 429
2514 390
1790 385
1842 128
2378 224
1306 279
1978 747
2482 760
2094 775
1538 833
1622 905
1286 1139
2546 1182
557 302
453 2370
893 2323
137 2277
505 2227
221 2059
725 1974
53 1936
1009 1735
389 1670
621 1554
16 1315
85 1276
925 1239
1093 599
369 579
285 539
421 497
841 361
589 83
473 192
1061 196
537 203
641 622
169 800
117 820
873 861
305 882
2409 584
2241 2366
2157 2325
2073 2233
1601 2149
2273 2143
1821 2092
1801 2050
2641 1941
1737 1935
2189 1807
2577 1736
1517 1680
1569 1676
1769 1636
1181 1491
2357 1474
2441 1471
1213 1467
1465 1416
1149 1281
2609 1218
1317 547
1297 507
1265 456
2525 428
2021 48
1381 53
2053 75
1433 213
2557 238
1549 240
1233 283
2389 607
2105 694
1717 1039
1685 1123
1905 1163
2473 1211
684 1071
736 2416
600 2274
400 2273
768 2259
96 2145
27 2065
852 1858
180 1811
348 1691
264 1486
936 1362
904 522
232 475
64 462
432 666
316 772
516 780
988 897
2252 1053
1244 2424
1160 2376
1412 2364
1328 2343
2588 2192
1276 2161
1580 1908
1444 1788
1916 1628
1696 1527
2000 1462
1496 1357
2452 1325
1748 575
2368 527
2504 501
1360 488
2620 413
1780 297
1864 651
2116 667
1664 728
2032 768
1612 829
1832 909
947 151
159 2196
243 2154
1031 2122
527 2069
411 1523
107 1494
38 1445
275 1319
1115 1302
831 1274
747 578
915 124
75 94
443 31
611 257
779 265
359 671
1083 712
327 884
695 896
663 902
1843 573
2515 2389
1455 2388
1895 2350
1307 2327
2567 2269
1255 2017
2431 2011
1927 1920
2263 1761
2599 1743
2547 1703
1171 1632
1707 1615
1675 1572
1623 1545
1875 1466
1643 481
2631 108
2011 105
1475 78
1979 246
1203 701
1539 777
1287 910
1791 923
2147 984
2043 1009
2063 1012
1591 1038
1559 1044
1391 1050
2095 1052
2483 1057
2399 1096
2211 1146
2315 1149
1223 1162
2347 1212
1126 702
1010 2329
170 2292
222 2075
1042 1956
454 1919
118 1873
674 1674
506 1588
338 1550
622 1536
642 1414
1062 1297
758 1280
138 1279
370 557
17 541
978 409
202 370
422 359
790 338
810 139
958 5
54 7
706 41
590 613
874 647
538 650
2274 1084
2222 2398
2022 2248
2474 2245
1854 2057
2494 2001
1266 1957
1938 1713
1518 1707
1738 1692
2610 1600
1350 1573
2158 1562
1182 1487
1686 1379
2190 1365
2054 1348
1718 1306
1402 1278
2442 1275
1434 1263
1214 450
1466 2
1150 47
2526 61
2106 254
1886 605
1602 665
1770 680
2578 743
1634 761
1318 795
1298 817
1802 928
2358 932
821 1205
1105 2432
433 2126
149 2102
517 2067
401 2030
737 1959
685 1891
349 1749
97 1700
989 1354
265 1313
569 1294
181 524
853 397
937 8
28 186
601 200
653 269
233 277
485 282
1021 862
769 1076
2001 301
2421 2397
1361 2295
1329 1918
2253 1915
2337 1905
2085 1865
2169 1818
1665 1753
1413 1650
1245 1524
1277 1489
1917 1415
1193 1339
2369 572
2453 20
2505 216
2621 711
1949 938
1529 1043
2033 1127
1581 1153
2589 1174
2201 1188
1749 1195
580 574
7 2369
160 2303
380 2297
800 2253
296 2061
916 1982
496 1972
696 1967
192 1760
864 1728
44 1712
76 1642
948 1534
884 1513
968 1488
664 1470
1052 1301
444 559
748 532
276 457
464 423
1116 321
1000 45
780 183
1032 225
212 253
244 258
716 272
548 275
612 713
412 925
1084 995
632 1026
328 1200
1728 1197
2148 2428
2464 2348
1792 2333
2380 2209
1592 2146
1676 2121
1140 2085
2548 1966
1340 1945
1760 1899
2232 1819
1424 1804
1256 1763
1560 1716
1372 1605
1456 1386
1508 1237
1392 537
1624 443
2128 432
1224 431
2600 326
2012 324
2568 118
2400 276
2632 657
1172 685
2432 703
2264 835
1960 853
2096 866
2316 903
1812 913
1980 915
1708 999
1896 1058
1876 1082
2064 1083
2516 1196
759 1194
979 2353
875 2320
455 2293
559 2182
727 2140
423 1863
307 1790
675 1747
811 1705
707 1530
287 1461
203 1459
895 1333
119 1260
475 1247
55 1226
255 592
339 404
843 160
1127 637
507 652
539 737
87 787
171 931
791 969
643 1025
2107 558
1383 2339
2443 2338
2559 2314
2191 2313
1519 2261
2475 2241
1319 2105
1971 1990
1487 1922
1299 1881
1183 1856
2075 1767
1235 1732
1467 1727
1991 1696
1907 1627
1771 1428
2327 1418
2495 1410
2307 1377
1687 1345
2243 1330
1435 1317
1571 530
1719 316
2527 313
2391 311
1603 120
1635 156
1551 803
1887 828
1151 1007
1655 1040
2055 1069
1739 1129
1823 1147
1855 1190
486 298
66 2013
318 1825
686 1666
770 1347
654 1322
434 1265
990 571
350 363
266 161
150 606
602 792
854 1032
29 1150
234 1203
1022 1204
2118 1132
1330 2296
1950 2231
2002 2190
1834 2009
2170 1828
2454 1652
1698 1565
1278 1465
1194 1448
1246 1374
2202 1350
2034 1285
2538 540
1162 430
2286 422
1750 396
2086 355
2422 112
1918 23
2370 226
2506 621
1362 640
1782 643
1530 677
2622 717
1666 878
1614 888
1498 971
2254 1034
381 583
45 2298
1033 2254
549 2123
193 2103
633 1975
969 1729
213 1719
613 1528
277 1501
1001 1331
497 1303
717 1289
865 525
40 500
1053 490
885 477
665 461
529 459
361 399
465 342
245 14
949 205
697 619
781 684
801 762
581 912
1117 936
749 939
917 951
1085 998
413 1030
77 1138
1709 150
1509 2393
2045 2373
1257 2372
1393 2249
2549 2206
1457 2120
1813 2110
1561 2098
2517 2088
2097 2054
1625 2051
1897 2042
1341 2023
1425 2010
2601 1859
2381 1855
1677 1831
2433 1812
2317 1799
2569 1798
2465 1794
1593 1651
2401 1443
1289 1420
2633 1335
1173 1243
1225 523
1477 519
1793 446
2065 433
2349 410
2213 373
1373 371
2149 364
1845 340
1541 335
2233 33
2297 54
1761 68
2013 163
2181 184
1929 241
1309 764
1205 1087
1981 1169
424 511
960 2422
172 2330
592 2125
340 1991
392 1913
476 1889
456 1844
224 1821
928 1806
896 1649
19 1597
644 1558
288 1547
876 1521
1044 1483
204 1283
540 372
844 97
1128 745
792 812
508 831
812 846
1096 869
560 899
676 927
760 934
120 1018
256 1041
624 1088
56 1119
1572 1118
2056 2434
2444 2382
1636 2218
1468 2201
1300 2118
1152 2115
1352 1914
2412 1795
2276 1755
1384 1560
2160 1518
2192 1477
2496 1454
2108 1453
2140 1402
2560 1309
1268 1257
1804 569
1720 560
2612 554
2076 549
1856 526
1888 506
1520 469
2024 424
2580 358
2392 107
1940 248
1908 260
1404 610
2308 669
1604 781
2360 911
2244 1019
1436 1062
2528 1064
1688 1066
151 435
603 2225
1023 2156
319 1947
30 1862
1107 1711
571 1671
939 1411
487 1307
183 1292
99 398
739 137
351 29
991 58
235 158
1075 646
435 842
67 960
855 1005
907 1093
771 1105
519 1158
1447 36
1835 2347
1615 2311
1583 2230
2287 2171
2119 2144
2591 2127
1919 1871
1667 1847
1363 1835
2371 1768
1331 1698
1163 1610
1247 1515
1195 1387
1751 1359
2423 1251
1531 1234
1783 555
2003 360
2455 348
1867 208
1279 286
2087 631
2623 676
1499 729
2255 856
2203 1151
2171 1189
110 1143
330 2436
718 2305
446 2189
9 2073
1054 1985
41 1958
834 1949
1118 1850
1086 1748
950 1733
78 1725
362 1684
886 1602
298 1469
1002 1438
130 1268
162 1236
698 586
614 415
214 318
750 130
278 293
382 625
666 630
414 635
466 704
1034 749
246 802
634 809
194 1120
2518 143
2602 2345
2214 2284
1898 2281
2570 2202
1310 2128
1290 2053
2402 2018
1710 2006
1374 1948
2014 1907
1458 1849
1478 1841
1962 1693
1794 1613
1762 1485
2486 1456
1510 1312
1226 1291
1342 588
1426 476
2098 455
2634 345
2350 336
1542 132
1930 43
2298 165
2130 207
1678 243
2550 612
1174 638
1206 644
2182 654
2318 714
1594 811
1562 872
2234 874
2066 885
1814 993
1626 997
1142 1004
1846 1027
2466 1199
141 76
709 2362
593 2256
877 2194
1045 2160
289 2000
845 1984
541 1978
961 1923
761 1822
20 1813
929 1764
981 1682
561 1619
813 1567
373 1423
897 1249
1013 440
677 380
341 88
309 237
793 242
729 296
1097 860
425 894
393 924
1129 926
457 977
477 1008
1321 598
1941 2430
2393 2279
2613 2243
2477 2193
2245 2138
1973 2117
1385 2096
2309 2070
1553 2038
1237 1999
1741 1917
2109 1839
1993 1786
1301 1639
1605 1400
1405 1334
1657 561
1637 544
2561 492
2581 449
2413 417
1721 403
1185 27
2529 19
2025 170
2141 174
2445 234
1805 623
1153 645
1889 674
2497 871
1469 916
1857 919
2277 976
2225 1011
2193 1045
2161 1055
2077 1097
2329 1108
1269 1145
2361 1178
1217 1201
1024 304
352 2306
940 2108
856 2052
1108 2047
740 1964
152 1877
436 1800
688 1555
268 1320
656 1227
908 327
320 66
236 267
572 618
488 639
604 642
404 663
184 689
68 830
100 848
772 1144
1952 1056
1784 2408
2540 2375
2340 2264
1416 2224
2004 2212
1584 2139
1920 1878
1164 1827
2120 1590
2288 1539
1668 1344
2172 1253
1332 590
1448 521
2204 319
1836 201
1532 255
1752 609
2624 617
2592 659
2036 725
1700 770
2088 839
2424 933
1248 941
1280 953
1196 974
1035 1214
331 2351
42 2285
971 2188
415 2147
111 2113
279 2109
667 2099
447 2072
1119 2035
363 2008
467 2002
131 1608
699 1447
835 1437
383 1256
1087 468
719 412
195 310
887 202
163 212
299 273
951 670
583 779
247 788
783 1103
615 1181
215 1193
1847 182
1343 2409
1763 2328
1227 2251
2047 2195
2235 2020
2383 1997
2403 1927
1815 1901
2635 1879
2435 1591
1679 1571
1511 1563
1711 1546
1963 1535
2319 1436
1459 1391
2151 1371
1311 1343
1595 1258
2299 1244
1291 577
1627 564
1395 474
2603 452
1879 386
2099 334
2067 309
1983 138
2267 131
1647 64
1899 176
1479 664
2467 736
1795 744
2551 844
1563 895
2131 1072
1731 1177
762 1115
982 2363
1014 2170
814 2136
426 2036
1046 1823
730 1667
710 1475
898 1439
930 401
21 387
90 384
678 362
174 323
542 307
962 101
510 98
258 6
374 648
458 668
878 687
1066 692
646 834
794 1098
562 1114
1490 1110
2562 2322
2362 2184
1942 2049
1554 1866
1386 1792
2530 1750
2310 1717
2614 1579
2394 1464
2330 1440
1638 1421
1994 1388
1270 1380
1470 1299
2226 1266
1742 493
1858 438
2026 400
1974 366
2582 325
2414 119
1218 106
1806 86
2078 84
1826 26
1154 4
2278 1
1322 222
1890 263
1690 270
1774 716
1238 733
1658 773
1406 837
2110 870
2058 883
2142 945
1438 1048
1302 1070
605 1152
353 2405
573 2344
32 2291
1077 2033
1025 1654
437 1493
321 1267
405 1242
521 516
489 466
941 115
993 231
689 239
1109 626
237 699
0 718
269 724
153 818
657 918
101 1133
1333 1198
1533 2399
1585 2308
2121 2262
2205 2252
1617 2076
1753 1954
2005 1779
1197 1435
1837 1355
2425 1215
2257 484
2341 425
1669 145
2625 123
2457 100
1417 28
2089 56
1701 740
2173 797
1869 823
1449 865
2593 964
1921 975
1249 996
1501 1157
332 125
80 2414
868 2401
1056 2342
112 2312
668 2176
752 2166
11 2133
132 1921
920 1854
1120 1746
468 1656
532 1638
584 1629
196 1589
1004 1516
300 1396
280 1277
1088 1264
720 1225
804 99
216 173
616 251
364 303
416 602
500 629
700 746
248 751
448 759
888 786
836 801
1036 832
552 937
1564 71
2236 2404
2520 2371
1764 2307
1228 2287
1680 2278
1628 2246
1712 1995
1460 1943
1428 1704
1732 1631
1376 1624
2048 1460
1984 1254
1544 1231
2488 546
2068 509
1208 414
1816 405
2300 395
2016 379
1648 356
1512 121
2320 117
2604 153
1312 195
1964 266
2268 688
2184 730
1880 774
1396 827
1260 854
1900 983
1932 1049
2636 1075
2216 1137
2552 1183
1848 1209
647 1130
207 2426
375 2309
427 2247
795 2239
511 2219
1047 2165
963 2130
175 2111
291 2004
227 1745
563 1741
595 1722
711 1669
479 1622
679 1506
59 1484
627 1451
879 1284
931 1222
847 536
343 439
91 140
731 89
395 157
22 168
983 210
1099 735
1067 851
123 868
899 985
1607 1161
1943 2392
2499 2223
2143 2152
1155 2124
2195 2091
1407 2055
1471 2003
2079 1952
1575 1903
2247 1894
1239 1867
1911 1864
2363 1583
1827 1502
1387 1446
2163 1417
1303 1372
2583 1248
2615 553
2059 148
2415 114
2279 96
2331 85
2531 57
1491 60
2447 169
2111 217
2395 227
1691 268
2563 620
1723 656
1271 672
2311 690
1355 698
1995 708
1439 819
2027 825
1523 843
1555 900
1639 1021
2479 1094
1891 1109
1219 1134
238 568
858 2260
438 2237
270 2185
942 2172
826 1830
574 1559
70 1510
522 1442
1026 1399
742 1352
1110 463
186 141
994 188
490 247
658 658
322 673
774 988
33 1176
2626 478
2510 2403
1754 2290
2090 2271
1670 2255
2342 2179
1166 2083
1334 1979
2426 1973
2542 1911
1502 1852
1838 1598
1870 1541
2374 1326
1922 1282
1418 1259
1366 465
2258 406
2038 333
2122 18
1702 284
1450 289
2006 294
1250 660
1618 681
2290 709
1586 807
2594 962
2174 968
1534 1131
2206 1208
973 528
165 2319
785 2286
365 2213
1005 1942
553 1910
533 1861
637 1833
385 1782
921 1599
81 1537
113 1368
333 1232
249 499
1121 122
701 25
617 62
449 73
49 189
721 288
753 798
281 875
217 935
889 989
301 1029
417 1106
133 1126
805 1142
1513 1210
1797 2368
1177 2354
2553 2318
1209 2266
1649 2221
2237 2163
1681 1988
2133 1904
1597 1809
1965 1789
2269 1690
1765 1623
1461 1412
1229 1360
1933 1327
2489 1271
1261 1233
1817 1223
1565 580
2069 533
1145 513
2605 337
1429 133
2217 11
1733 69
1545 696
2101 741
1481 778
2437 794
1629 858
2469 873
1345 914
1849 942
1985 970
2153 972
2353 978
2573 1024
2321 1148
2185 1192
344 1213
1132 2326
816 2210
544 2178
60 2060
260 1924
124 1840
900 1838
312 1574
228 1556
23 1403
984 1384
512 518
396 496
376 382
1100 109
92 10
460 179
848 215
628 261
648 262
1068 636
564 753
428 904
292 940
796 943
732 1033
480 1180
2332 589
1776 2346
1440 2299
2248 1946
1660 1902
1860 1721
1576 1640
1692 1637
2448 1587
1408 1582
1356 1566
1944 1557
2500 1511
2584 1395
2616 1382
2080 1255
2416 550
1828 485
1996 350
1912 152
1272 49
1524 154
1240 199
1188 603
2196 661
2532 986
1744 1073
71 295
523 2007
827 1683
911 1626
323 1548
1027 1375
1111 1316
34 585
575 545
2 520
407 420
155 317
995 171
271 187
239 697
607 806
859 948
775 952
1079 957
659 1125
2427 1100
1335 2435
1955 2361
2207 2229
2123 1938
2459 1869
1367 1815
1419 1802
1839 1801
2627 1643
2511 1641
2375 1584
1535 1496
2343 1422
1923 1366
2543 1340
2175 543
1755 486
1587 418
1671 330
2007 159
1871 608
1251 614
1167 627
2259 757
1283 805
2039 1022
722 1122
198 2395
450 2378
134 2356
974 2240
250 1998
302 1980
890 1851
366 1783
114 1739
50 1586
806 1564
638 1529
618 1452
166 1431
922 1424
786 1398
13 1346
870 1238
954 556
838 515
218 494
702 381
502 70
418 155
534 185
1058 252
282 604
82 707
1090 785
1122 791
470 816
586 877
1006 920
1986 601
1210 2390
1818 2331
1902 2317
2050 2288
1598 2267
2238 2216
1314 2173
1514 2169
2490 2153
1650 2150
2554 2106
1262 2097
2470 2021
2018 1875
1882 1860
1850 1724
2070 1618
2102 1576
1630 1389
2154 1369
2522 1342
2638 1308
1682 1240
1178 535
2386 487
2354 454
2406 451
2134 426
1146 421
1934 394
1398 104
1378 194
1294 219
2574 221
1798 867
1101 1099
397 2410
817 2394
313 2367
209 2304
377 2134
881 2045
545 1929
24 1857
965 1836
461 1817
733 1803
345 1791
933 1569
629 1507
145 1463
901 1413
985 1406
849 1293
597 1241
713 552
481 470
125 377
681 347
177 341
229 177
293 181
1133 244
765 259
93 880
429 944
261 981
797 1054
2081 1207
2617 2340
2533 2324
2029 2302
1609 2282
1409 2234
1745 2064
1861 1925
2417 1848
1997 1780
2585 1300
2333 562
2165 383
1945 376
1273 146
1913 15
1661 190
1693 245
1525 726
1241 731
1829 756
1493 887
1577 1002
2197 1006
1189 1046
2365 1186
576 1117
744 2407
860 2116
188 2063
72 1994
440 1976
692 1870
608 1837
912 1695
35 1688
3 1551
356 1482
240 1338
1112 1305
408 308
104 110
944 34
492 30
272 235
1080 655
1028 898
776 1023
324 1092
2260 597
1976 2411
1840 2336
1640 2272
2376 2244
1368 2220
1388 2175
1872 2164
2460 2155
2144 2094
1452 2043
1672 2028
1756 1883
1724 1766
2628 1765
2480 1655
1556 1611
2124 1609
1472 1520
2040 1504
2060 1497
1704 1481
1284 1361
2292 503
1304 480
1200 458
2312 388
2176 135
1220 91
1168 193
1924 197
1336 250
1136 691
1620 799
1788 826
1808 855
2228 857
2596 1016
1588 1065
2008 1086
1420 1116
1039 1035
955 2265
1059 2242
387 2222
1007 2068
555 2032
1123 1987
975 1965
923 1934
587 1714
335 1578
219 1533
891 1434
451 1373
807 1349
755 1295
303 1230
619 367
51 352
787 349
283 314
535 149
839 162
115 628
199 662
503 723
871 734
367 852
639 859
419 949
1799 1079
1379 2420
1231 2418
2575 2316
1851 2031
1147 1971
1547 1916
1347 1887
1987 1845
2387 1756
2471 1752
2271 1737
1967 1706
1883 1672
1715 1614
2019 1612
1263 1480
1651 1449
2407 1408
2639 1394
1295 1351
1903 1298
2439 1261
1735 1245
2491 566
1819 505
1567 434
2355 332
2135 111
2103 92
1683 46
2219 51
2607 300
1599 649
1483 653
2323 715
2071 720
1211 776
1463 881
1767 950
1179 954
2187 1003
2555 1028
1631 1051
