!Alpha: 0.700000!Shared Interactions vs Total Sequence Similarity: 10691 114.568252
!Global Score: 7518.070475636139
2280 938
452 3970
516 3969
1376 3819
936 3697
31 1813
620 1809
872 1799
704 1687
1860 1483
1104 1444
1020 1190
1440 384
2196 324
2028 24
2048 37
2364 141
768 149
600 645
1524 707
2112 755
1964 766
432 1902
956 1979
1628 2016
263 2024
536 2129
368 2147
1292 2317
284 2321
1692 2354
12 2362
1712 2401
2216 2420
1608 2590
852 2654
1188 2769
1208 2838
179 2853
1124 2895
684 2974
1460 3128
115 3239
788 3306
348 3324
1040 3347
1503 882
1167 3859
663 3607
1335 1807
1839 1622
579 1604
1419 1515
2175 1445
2091 1423
1083 416
495 182
999 188
2007 191
1251 556
242 718
1671 823
411 826
747 1881
1587 1913
2427 1942
1923 2049
831 2064
915 2556
2343 2623
1755 2649
158 2898
327 3337
74 3387
2259 3497
2322 3415
2406 3807
1902 3736
1062 1383
1566 1164
137 1155
2238 1050
894 941
1146 102
390 529
221 573
810 640
1314 641
642 734
53 761
1734 769
726 777
306 788
1230 2208
558 2242
1818 2393
2070 2520
978 2841
1986 2852
2154 2881
1482 3066
1398 3333
1650 3368
474 3394
601 1795
1377 3927
1881 3701
2049 3664
1965 3646
2281 1733
1125 1681
1629 1547
1525 1490
957 1476
1357 1457
1021 1428
2385 1395
32 1394
1545 1257
116 1193
769 1125
433 1109
13 1020
453 978
96 396
285 298
1797 106
1461 137
349 566
2365 572
1693 842
1945 890
685 912
621 1843
2113 1866
1777 1920
2029 2036
200 2040
1209 2111
1189 2135
937 2158
1041 2196
1713 2268
2197 2358
2133 2414
873 2498
1105 2616
853 2653
1609 2785
705 2863
537 2990
1293 3055
1861 3156
1441 3170
369 3301
2217 3428
180 3458
1420 923
916 3937
2428 3841
1672 3706
2260 3635
2344 1793
2092 1635
1504 1583
159 951
580 443
1252 79
1840 5
1084 654
1588 660
1336 750
2008 1953
328 2107
1756 2238
496 2350
748 2788
1924 2813
664 2862
832 3042
75 3269
2176 3294
243 3372
412 3521
1987 3501
979 1673
1735 1659
1483 1630
1567 1464
1231 1208
391 1186
1651 970
2155 946
895 448
811 224
1819 14
1063 9
2407 507
2071 516
1399 678
2323 705
54 720
138 891
2239 1856
307 1959
559 2059
1147 2240
1315 2250
727 2489
475 2492
1903 2925
222 3026
643 3212
454 3586
370 3962
686 3943
1294 3862
538 3842
1022 3816
958 3732
1862 3725
1610 3642
1042 1557
2114 1419
1210 1387
874 1369
2366 1177
1966 1159
2050 1102
2030 1074
434 1064
1358 1048
201 990
2386 983
97 422
1378 356
1798 273
2218 55
2302 31
518 190
1946 193
1694 526
770 580
1714 581
286 859
1106 1893
2198 1903
1546 1958
1630 1985
1778 2029
1462 2056
602 2080
265 2257
1126 2318
706 2347
854 2477
181 2564
350 2630
2282 2782
1190 2784
1274 2885
117 2899
622 2952
14 3011
790 3038
1442 3312
33 3336
2134 3376
1841 3444
2429 3898
1337 3649
749 1695
244 1628
1505 1499
917 1390
1421 1262
76 1247
665 409
1001 96
329 495
2345 869
1673 1837
1169 1944
2261 2014
2009 2230
2093 2274
1589 2346
833 2398
581 2407
497 2413
1253 2464
1925 2671
1757 2693
1085 2815
2177 2902
413 3247
160 3402
1316 110
476 3761
1484 3639
2240 1761
308 1602
1820 1495
2324 1402
1988 1374
812 1270
2072 1092
55 994
980 395
896 295
560 147
728 846
1736 857
2156 858
223 881
2408 2120
139 2459
1904 2586
1148 2843
1568 2908
1232 3108
1652 3133
1064 3157
644 3276
392 3518
1947 3555
435 3936
98 3917
1023 3887
1463 3878
855 3858
2367 3833
959 3783
539 3765
1527 3742
1631 1786
1295 1647
182 1605
1695 1538
1715 1470
875 1452
455 1427
1547 1381
371 1291
1359 1057
2283 1040
1883 1033
519 414
1799 97
603 92
707 116
1779 153
1211 491
2303 503
791 716
1127 1914
939 1921
2051 2041
2387 2211
1379 2445
34 2468
1863 2517
15 2599
2199 2677
287 2695
2031 2713
1107 2744
118 2810
1275 2836
266 2868
1043 2891
687 2976
1443 2977
623 3083
2135 3152
2115 3160
1611 3278
202 3304
1967 3308
2219 3405
771 3490
414 459
2094 3926
498 3676
1086 1751
1674 1697
750 1683
1002 1671
1170 1136
1590 1111
918 1070
1338 427
1422 339
2010 334
1842 71
245 564
2262 633
1254 856
330 1954
582 1995
161 2622
2346 2626
2178 2680
666 2967
834 3121
1758 3143
2430 3408
1506 3502
224 209
897 3942
1569 3914
645 3882
56 3660
1317 1564
1653 1421
981 1330
477 1302
1233 1072
2073 1005
1737 967
1989 960
2325 373
2241 233
561 176
1401 630
2409 1870
1821 2092
1065 2182
1905 2249
813 2596
1149 2842
2157 2953
1485 2962
309 3033
140 3058
393 3203
729 3560
1276 458
520 3938
2368 3866
16 3820
1528 1781
288 1745
267 1712
372 1704
2136 1384
2220 1310
35 1279
352 1259
1696 1221
688 1183
856 1157
2200 954
1380 952
1128 248
99 122
1360 170
604 180
1108 499
1948 537
119 589
1192 625
1024 844
436 880
1780 1929
1044 2082
1612 2253
708 2265
2388 2416
1548 2425
1632 2555
792 2581
1212 2601
1464 2638
183 2662
2304 2668
2052 2692
540 2766
624 2789
876 2931
203 3023
1716 3068
1800 3113
960 3151
2032 3242
772 3335
1864 3401
2284 3422
1884 3442
2116 3507
940 3516
246 0
1003 1097
1843 318
667 250
1927 43
1171 49
583 172
1339 847
2095 2108
2011 2149
1675 2180
751 2258
835 2277
162 2373
2431 2375
1255 2405
1759 2553
2179 2579
919 2658
331 2794
1423 2856
2347 2982
415 3213
499 3220
1507 3231
1087 3293
1591 3506
78 3549
1402 1804
814 1577
1486 1514
1990 1432
898 1339
394 1127
2410 1122
2074 1080
1822 323
646 271
1654 168
1906 474
57 510
478 711
2242 1858
1738 1897
1066 2109
1234 2150
310 2400
2326 2428
141 2486
730 2540
1318 2805
1150 3053
562 3122
225 3431
437 461
689 3920
268 3749
2285 1771
289 1762
2053 1757
120 1561
1297 1360
36 1216
709 1179
457 1132
100 1113
1549 991
1801 989
961 438
1885 367
1277 120
1633 194
1465 485
2117 657
1781 727
1193 736
941 774
1697 845
2033 1857
353 1922
2201 1983
605 1999
1045 2019
857 2057
1969 2078
1129 2153
541 2199
2221 2269
1865 2345
521 2384
1529 2404
184 2509
1717 2518
2305 2560
1109 2577
1445 2637
17 2732
1949 2879
1613 2949
1361 2963
2369 2975
2137 3004
373 3136
625 3255
2389 3355
877 3450
1025 3464
773 3469
1340 3438
247 3674
1760 3602
332 1734
836 1732
920 1548
1256 1491
2348 1353
752 1309
1928 1237
1592 1228
1088 950
2180 405
1676 140
2264 574
1004 700
500 783
2432 830
2096 2096
1172 2759
668 2807
584 2910
1844 2933
163 3096
1424 3124
1319 1724
1403 3948
1487 3759
983 3589
2243 1679
563 1603
226 1525
142 1354
2075 1260
647 1213
731 1134
1991 1051
2327 309
1907 213
2159 525
1823 542
2411 637
1739 699
311 1861
1655 2194
58 2205
1067 2267
395 2294
899 2950
1151 3047
479 3535
1571 3561
690 3541
1970 3973
878 3902
774 3795
1362 3685
1698 3638
1026 1834
269 1696
121 1688
1550 1675
1466 1553
185 1504
1530 1365
1194 1351
2118 1345
2034 1321
374 1297
1298 1194
2390 1060
942 457
1278 439
354 417
962 383
205 378
1866 332
2054 171
1718 565
37 782
438 863
2306 874
1446 893
1802 904
1634 1849
1110 1880
2222 1891
2202 1936
626 1949
542 2015
522 2085
794 2123
101 2206
2138 2220
606 2229
1886 2369
18 2426
2370 2478
1046 2550
858 2944
2286 3017
458 3020
1130 3080
1614 3119
290 3142
1214 3149
1382 3350
1782 3410
1593 3109
1341 3919
837 3666
753 3627
164 1805
248 1774
1761 1541
2013 1505
1005 1489
1173 1079
669 1053
2265 975
333 105
1845 186
921 748
1677 803
1929 903
1257 1846
585 1950
2181 1986
1089 2139
2349 2308
501 2584
2076 3573
2160 3868
396 3826
227 3812
1824 3743
1740 1540
143 1517
1656 1507
1908 1503
1572 1474
816 1320
732 1229
1488 1047
1404 964
648 211
1152 490
1320 646
1236 2255
312 2324
900 2336
59 2666
2328 2686
1068 2757
2244 3032
984 3138
564 3163
480 3543
291 913
1131 3899
2035 3897
1111 3894
1195 3610
523 3603
375 1699
2371 1584
1531 1539
879 1418
439 1386
1615 1293
2391 1284
775 1171
1867 1112
1279 1067
2203 1019
963 1002
1299 996
795 987
2139 460
1467 310
206 276
1551 241
459 73
1803 56
2307 13
607 54
1363 198
1783 496
1887 664
19 739
1971 785
102 906
2055 2003
1719 2091
38 2114
943 2154
627 2193
691 2292
1215 2357
711 2434
2223 2467
1635 2522
1447 2535
2287 2551
270 2588
1047 2589
1027 2600
122 2711
543 2831
186 2860
859 3183
355 3584
1846 919
1342 3872
586 3766
2098 3709
249 3656
2434 1448
1762 1398
165 1300
838 1258
334 1140
922 441
2182 390
1930 142
1510 157
1426 828
418 868
1006 877
1090 1885
754 2280
502 2297
2014 2440
2266 2820
1258 2867
1174 2934
670 3009
2350 3019
144 1790
2329 1660
649 1599
2245 1356
817 963
1489 955
60 450
1993 30
1153 145
1741 167
1069 511
481 753
1909 1862
733 2063
1573 2083
397 2557
1405 2568
901 2694
2161 2696
2413 2795
1825 2877
228 3148
2077 3165
1321 3171
985 3233
1237 3285
565 3327
313 3411
1384 1822
524 3797
2120 3790
376 3785
2140 3760
1048 1791
1952 1768
608 1746
1448 1568
2372 1542
1300 1479
1364 1405
712 1375
1972 1333
1636 1322
544 1084
2204 1055
292 1038
460 463
2392 462
1700 401
356 327
2036 135
20 571
860 663
207 690
1216 723
1552 894
39 1869
1196 1930
628 2006
1616 2077
103 2105
1028 2143
1720 2178
880 2241
776 2279
2308 2293
440 2305
1804 2453
123 2572
964 2758
1280 2939
2224 3050
1888 3069
1468 3206
1784 3264
2288 3266
187 3316
1132 3330
944 3378
1532 3446
692 3481
2056 3534
1868 3571
671 3556
2015 3695
166 3645
503 1715
419 1543
2267 1520
839 1498
1511 1417
1763 1328
2183 1242
1931 1094
2099 1016
2435 325
1259 68
1847 867
923 936
1343 1900
587 1987
1175 1992
1007 2030
2351 2364
755 2983
1427 3112
335 3159
1595 3166
250 3384
1322 1782
566 3747
1742 3670
2330 1662
2414 1556
2246 1289
1406 1256
734 1244
2078 1009
1574 981
1910 38
145 196
1994 551
1490 824
902 1851
61 1963
818 2140
650 2251
1154 2310
314 2388
1658 2389
1826 2406
398 2510
2162 2659
1238 2685
1070 2738
482 3054
986 3353
1469 1743
1953 3956
1721 3939
1281 3912
1301 3789
1113 3775
861 3690
1133 1720
1385 1589
1049 1315
441 1090
2037 1087
881 1075
1973 1037
188 83
1365 19
377 4
461 6
693 8
1029 126
797 127
2393 197
1217 615
777 757
2309 764
945 833
272 1975
525 2023
21 2037
1617 2038
2289 2174
1197 2213
2225 2221
965 2322
2373 2390
1553 2491
208 2496
1889 2519
293 2539
713 2552
1701 2604
104 2797
40 2811
2057 2859
1637 2943
609 2960
2141 2980
2121 3013
1869 3135
1805 3238
124 3287
357 3362
1449 3434
629 3443
545 3525
1533 3539
924 1796
167 3924
1512 3804
1932 3594
83 1558
1008 1357
588 1093
420 433
1428 222
2436 189
1260 569
0 609
1176 679
1344 742
672 1895
251 1964
1680 1982
1848 2087
2016 2192
840 2209
1596 2212
504 2465
756 2689
2268 2775
2184 2918
1092 3021
1764 3433
336 3558
1239 3375
2415 3634
987 1753
2331 1571
819 1456
1659 1325
2163 1283
1827 337
1491 300
230 67
1323 561
651 1887
1071 1916
1743 1933
1575 2145
146 2235
1911 2286
1407 2422
567 2701
1995 2804
399 2855
735 2890
1155 3029
62 3164
315 3178
903 3329
1722 3579
1450 3946
1386 3888
1974 3723
273 3711
189 3600
125 1826
2122 1806
862 1759
2310 1658
1554 1486
2290 1399
358 1362
2058 1312
714 1277
2394 1235
2226 1181
1806 1139
294 1041
22 998
630 973
1638 399
966 375
1470 355
1030 330
1366 278
1618 219
1050 488
1134 498
1114 594
2038 698
946 738
1890 743
1534 878
2374 1835
1954 1853
442 1878
41 1884
209 1965
694 2018
526 2104
1786 2207
1702 2455
1282 2543
462 2753
610 2912
378 2913
778 2964
546 2996
2142 3027
882 3073
1870 3115
1218 3161
1198 3290
2206 3404
798 3423
1302 3447
105 3475
1513 1779
2353 3907
589 3787
1849 1621
1765 1406
2269 1286
1009 1227
168 1123
1 445
1261 509
2017 639
1093 692
84 786
337 835
757 852
1177 933
2185 2131
252 2515
1345 2594
925 2731
1933 2779
673 2803
1429 2809
421 2940
505 3205
2101 3441
1597 3545
1324 3358
820 3961
316 3918
1996 3620
400 1794
736 1744
2332 1626
2164 1595
1828 1468
1240 1202
1408 995
988 979
1660 363
904 315
147 292
63 76
2248 10
1576 152
1156 820
1744 1928
652 2185
568 2225
1492 2399
484 2554
1072 2762
231 3076
2416 3186
2123 3424
863 3916
1051 3856
274 3814
2207 3770
527 3693
1451 3667
779 3655
1219 1821
1535 1748
1891 1723
1723 1694
547 1642
1283 1544
295 1459
2375 1447
631 1269
1639 1236
1199 1071
2395 335
1031 305
883 293
1975 85
1471 58
1115 47
443 541
2059 603
947 682
23 694
695 695
1871 708
1703 768
2227 1860
210 1882
2291 1927
715 1962
1135 2012
1619 2086
1367 2311
611 2320
190 2460
1807 2497
2311 2499
1787 2747
1303 2781
1387 2786
2143 2802
463 2812
379 2875
1555 3036
359 3102
799 3249
126 3322
1955 3385
106 3412
2102 1814
842 3861
338 3590
1682 1633
169 1263
590 1146
253 1034
2186 361
1178 103
2018 558
1262 606
2270 879
1598 2152
85 2218
506 2266
758 2275
1094 2284
674 2430
1934 2533
1766 2593
422 2681
1430 2704
1514 2707
1850 2709
2354 2814
1346 2818
2 3117
1010 3302
653 3533
317 3964
1157 3944
989 3903
821 1730
1325 1615
2333 1549
905 1285
1997 466
1409 437
401 268
1913 26
1745 481
1493 527
1073 647
1577 1845
2165 1848
737 1876
148 1923
2249 2181
1661 2761
2081 2763
1241 2858
485 2897
2417 3103
1829 3137
64 3180
232 3234
569 3331
191 3513
107 3885
2144 3780
1536 3752
1788 3640
548 3614
2040 3604
948 1825
2312 1820
127 1754
2060 1471
800 1461
2208 1250
528 1142
464 986
1724 961
275 372
1704 341
380 307
884 280
360 237
1368 16
1620 540
2228 544
24 703
1556 848
444 849
632 896
1116 1871
1052 1960
211 2002
1640 2022
612 2202
1808 2214
1032 2236
1976 2264
968 2327
696 2442
1452 2481
43 2538
2292 2582
1304 2613
1388 2656
1200 2691
1956 2718
2376 2824
716 2834
2396 2957
780 3114
1136 3229
1220 3232
864 3319
2124 3392
296 3417
1284 3512
3 1740
2271 3951
1515 3729
1095 3612
170 1700
1683 1361
1851 1252
1935 1189
1179 1056
1599 124
591 627
423 812
2187 855
2103 1981
507 1988
254 1994
927 2471
759 2847
843 2854
2019 2993
86 3001
1767 3079
1011 3211
1263 3270
1431 3345
1347 3354
675 3554
1494 1717
1998 3971
2418 3773
149 1389
1830 1255
1242 420
822 393
654 227
1074 82
1578 42
2082 741
906 2283
2334 2409
1914 2526
1662 2580
318 2603
1326 2752
1746 2771
990 2787
402 2840
570 2905
2250 3089
233 3248
2166 3289
1158 3366
1410 3381
65 3418
738 3437
486 3453
1117 895
949 3950
465 3922
1389 3837
108 3798
1201 3779
2125 3692
781 1788
128 1617
2313 1601
2397 1600
445 1563
1221 1500
1053 1481
1453 1409
969 1407
2229 1370
2293 1274
1705 1253
717 1137
2377 1058
1641 1035
1285 984
1137 435
1033 430
1305 284
2061 134
2209 187
1537 205
1789 515
381 601
865 618
25 628
1557 834
1369 1883
549 1943
1977 1952
44 2008
885 2068
2041 2168
1621 2216
1873 2263
801 2544
1957 2634
1809 2756
212 2778
613 2816
2145 2880
276 2972
697 3062
297 3185
192 3195
361 3228
633 3370
4 3440
1180 3883
424 3846
676 3831
255 1731
592 1708
171 1473
1684 1106
2104 1099
1852 258
1600 108
1264 611
1516 710
508 796
1936 937
844 1918
87 1972
2188 2004
1768 2099
928 2162
340 2177
1012 2188
2020 2423
1096 2946
2356 3208
2272 3222
1348 3240
760 3303
1747 1797
1663 3953
907 3881
487 3824
1243 3647
234 1713
1579 1529
2419 1455
571 1446
1075 1327
403 1298
1411 285
1831 217
66 563
1915 644
2335 2001
991 2874
150 2929
2083 3012
319 3057
823 3099
1495 3118
1999 3323
739 3334
2251 3456
655 3523
1454 3565
382 3822
1790 3714
950 3686
550 3657
1118 3652
1894 1643
1474 1591
466 1578
1202 1492
2062 1460
446 1311
2210 1248
782 1245
2294 1206
193 1196
2126 1029
2146 1001
1958 424
866 346
698 256
1642 36
970 521
1054 549
362 592
1034 619
1622 655
277 767
1706 840
802 871
213 929
1370 1864
634 2013
45 2093
718 2102
26 2142
1726 2203
2314 2356
2378 2394
614 2411
1978 2462
1286 2532
1222 2700
1390 2708
1306 2839
1138 3067
2230 3085
1558 3167
298 3204
2042 3271
530 3317
109 3348
2398 3473
341 3576
509 3972
5 3928
1097 3784
1853 3750
2105 1727
2189 1562
172 1559
1601 1439
845 1184
1013 1180
1685 1169
425 1151
761 982
1517 64
2021 23
1433 522
929 1925
1181 1951
2273 2237
256 2485
2357 2675
1937 2969
88 3060
677 3219
1349 3246
1265 3536
235 3585
2168 3911
1412 3767
2336 1828
2420 1593
2000 1580
1664 1551
992 1530
488 1363
67 1153
740 1039
1832 1026
656 1007
1076 442
2084 431
1916 429
908 136
2252 476
1160 486
1748 616
404 2053
1328 2066
151 2633
320 3015
572 3139
1244 3144
1496 3272
1371 3578
1643 3935
1223 3850
214 3781
2211 3598
467 1718
1119 1693
887 1689
699 1640
1203 1485
1875 1433
1895 1344
551 1243
278 1214
299 1088
1391 1083
2315 948
951 447
1979 411
1559 369
615 111
1791 91
2127 63
783 25
1811 201
2147 484
635 512
363 552
2043 623
1139 751
27 765
1035 821
2295 900
130 921
1959 2164
2231 2195
803 2262
194 2331
383 2340
1307 2450
971 2457
1475 2503
719 2528
1727 2547
1707 2664
46 2706
2399 2882
110 3223
1623 3457
2063 3459
1055 3463
1539 3559
1854 3505
89 3821
2022 3777
930 3733
426 3699
257 3679
1350 1657
678 1613
2190 1434
6 1431
1266 1366
1182 1251
846 1217
594 988
510 468
2106 60
173 532
1518 631
1434 759
1686 875
1098 2055
2274 2089
762 2210
1602 2986
2358 3265
1938 3377
1770 3465
1077 3537
1497 3753
2337 3678
573 1669
2001 1437
825 1382
1329 1232
2085 966
993 302
1581 299
236 41
909 133
1749 595
1665 911
1917 2186
657 2507
321 2606
405 2625
2421 2690
1245 2735
2169 2793
1413 2817
489 2871
1833 3070
2253 3130
68 3173
741 3275
1161 3292
152 3483
1372 1830
532 3864
2212 3832
552 3768
1392 3691
972 3654
804 3648
616 1684
1056 1677
195 1575
2400 1494
1224 1436
1728 1346
2064 1010
1960 993
2044 940
1456 432
1624 404
888 358
2296 263
1792 232
2232 131
1812 210
47 487
1308 790
468 876
364 2306
784 2360
131 2463
1896 2495
28 2500
111 2506
215 2516
2128 2578
720 2631
636 2722
384 2748
1204 2780
1036 2832
279 3086
2148 3104
1980 3215
2316 3252
700 3313
300 3360
952 3374
1476 3380
1120 3477
868 3500
1560 3587
2191 3005
931 1408
174 1144
1351 1101
2359 1024
1099 403
1771 368
511 206
679 492
1015 504
595 554
1183 787
2107 854
90 1865
343 1868
2023 1917
1855 1991
1435 2052
1687 2088
1267 2173
427 2270
763 2342
847 2610
7 2688
2275 2754
258 2995
910 916
237 3909
574 3815
1330 3658
1246 3592
658 1623
1414 1385
1162 1238
1918 1210
826 449
1498 402
994 745
406 749
1750 789
1834 899
322 1906
69 2231
2170 2337
153 2447
2338 2764
2002 2826
1666 2844
1078 2970
2086 3093
490 3273
2422 3283
2254 3311
742 3357
1582 3476
2317 930
2213 3954
1225 3871
2149 3745
469 3595
385 1824
1309 1766
1793 1651
301 1531
1561 1502
1057 1443
2401 1420
2233 1355
1121 1292
48 1266
973 1105
196 1027
533 1023
1289 969
785 371
112 286
553 272
1457 81
1477 69
2297 685
1141 697
449 773
216 822
1981 1850
1625 1947
869 1948
1729 1978
29 2027
280 2051
701 2079
365 2307
2045 2395
953 2525
805 2585
1205 2620
1645 2627
1813 2773
1961 2774
1373 2783
1393 2835
1541 2966
1877 3007
1037 3217
617 3279
637 3517
132 3550
848 1587
2192 3694
1352 3643
2360 3641
8 1239
91 1226
1688 75
1100 59
1856 27
1268 45
259 159
1436 567
932 797
1520 2144
428 2309
1940 2372
764 2408
2024 2421
2108 2676
596 2892
175 2948
1016 3125
680 3496
1499 3544
1667 3941
154 3884
827 3876
1079 1815
1835 1742
743 1379
2003 1234
2339 1098
1163 74
2255 121
407 717
911 2094
2171 2252
323 2254
2087 2285
659 2383
1331 2597
1247 2760
1919 2909
238 3016
1415 3189
1583 3307
491 3315
70 3400
995 3454
1394 3583
1542 3968
1226 3904
1058 1831
534 1816
1562 1773
1142 1767
1478 1692
197 1644
1962 1625
1626 1523
870 1512
366 1509
302 1475
2382 1163
1646 1131
2066 1103
49 1008
1730 972
470 956
281 312
2318 297
1458 183
133 192
638 670
954 672
1038 801
1310 807
1878 808
2150 1854
554 2017
1374 2070
2402 2113
1982 2159
974 2215
217 2222
2214 2575
1122 2607
618 2615
1898 2822
1206 2911
2234 3040
30 3172
806 3299
113 3359
1794 3488
450 3491
2298 3511
2130 3553
176 3214
92 3852
1521 3681
513 3662
681 1784
2277 1453
1101 1305
2361 1154
933 400
429 65
1017 593
1605 806
765 2033
1437 2116
345 2119
1857 2204
2109 2226
1689 2359
2193 2494
1353 2512
597 2648
1941 2697
2025 2916
260 3202
1332 3581
996 3855
2172 3601
744 3596
912 1758
1584 1126
828 275
155 264
1752 245
71 242
2004 129
1836 202
2256 908
239 909
408 915
1164 1842
660 1894
2088 2020
1500 2133
324 2474
1248 2734
576 2830
2424 3077
2340 3134
1668 3286
1416 3403
1920 3468
492 3520
134 454
1815 3624
555 3593
2067 1823
303 1770
1983 1749
1227 1592
1395 1451
2319 1191
2403 999
1059 220
282 218
2235 477
218 545
1899 763
975 884
1143 1989
2151 2101
1563 2197
639 2273
723 2402
471 2907
387 3018
807 3192
114 3430
2110 3572
1018 3955
514 3705
1858 3606
598 3591
261 1624
93 1224
1438 1205
10 1030
346 953
1270 560
1942 608
2194 791
1354 816
430 829
2026 866
934 902
1606 2112
2278 2288
1522 2470
1102 2480
177 2598
1186 2715
2362 2741
1690 3052
156 3379
1333 3813
493 3734
997 3621
2425 1719
913 1450
1417 1261
2173 1043
1165 1004
745 354
829 207
2089 514
409 684
1249 2228
1921 2247
72 2381
661 2524
1669 2571
1753 2587
1501 2893
1837 2994
240 3002
577 3081
325 3154
1585 3187
2257 3295
1228 3398
556 3908
2236 3626
1816 3597
388 1772
1396 1513
51 1215
304 1158
2404 247
1648 238
1312 2
640 841
724 931
1984 934
1480 2146
219 2287
1900 2387
472 2514
1732 2531
2152 2545
135 2647
1144 2745
1060 2746
2068 2767
976 2968
2320 3310
1564 3389
283 1817
451 3952
347 3823
1543 3805
1187 3782
787 3726
599 3637
1375 1472
94 1400
955 1350
1963 1336
2363 1316
535 1118
2195 1110
851 1049
1103 1011
683 386
515 288
703 274
1859 269
1607 261
1711 257
1523 20
1459 125
2047 200
1039 214
262 216
1879 483
619 721
11 870
1207 883
1943 892
2383 922
935 1892
2111 2054
367 2122
1271 2260
871 2329
1795 2444
1019 2454
1691 2702
2279 2924
1291 3110
1627 3177
1123 3268
1439 3344
431 3407
1355 3435
2299 3484
2027 3493
2174 199
1334 3625
1250 1716
241 1667
1586 1478
914 1308
157 1165
2090 1161
1502 1138
1082 1082
1670 1018
494 113
662 534
2426 691
73 800
2006 918
2342 1911
746 2081
1418 2141
1922 2261
2258 2546
326 2989
830 3039
1838 3129
998 3162
578 3332
410 3409
1754 3452
1166 3471
220 2999
2153 3910
305 3718
2321 3684
389 1663
2405 1576
809 1303
1565 1133
1817 1042
52 308
1061 22
725 115
1145 156
1229 184
1481 546
1397 649
1733 746
1313 799
1985 853
2237 2151
2069 2368
557 2374
1649 2502
1901 2541
473 2602
641 2624
977 2930
