!Alpha: 0.700000!Shared Interactions vs Total Sequence Similarity: 9317 81.234763
!Global Score: 6546.270428924702
1668 3286
2004 875
828 914
660 3673
996 2196
2088 3699
155 612
239 909
1416 3403
492 3520
71 242
1248 2734
1752 245
2340 3435
2172 3601
324 3814
1836 1860
1920 3468
744 1432
1584 1126
408 2036
912 1758
576 3836
2424 3077
2256 908
1332 3581
1500 640
1164 1842
282 218
2151 1444
198 900
218 2638
723 2402
2235 1387
639 2273
2319 1983
807 3042
1143 2012
975 3610
1815 826
555 695
387 2223
1395 1451
2067 94
2403 999
1059 220
1227 552
1899 1542
303 3782
134 454
1983 1749
114 3014
1563 3186
471 2907
177 1693
1858 3606
1018 3955
1186 593
346 953
1606 221
10 1030
261 1874
1690 3052
2362 1186
934 902
430 829
2110 1583
1438 1513
598 3591
2194 791
1354 816
2278 2288
514 3705
1522 2659
1942 608
93 1224
1270 560
2026 866
1585 1362
1417 2700
1921 2949
2089 514
913 1450
2425 477
1333 1604
997 3621
409 684
325 3154
240 3002
577 3081
156 3379
2173 1043
1501 2893
493 3734
1165 1004
829 16
1837 2994
745 1655
1249 228
72 2381
661 2524
1669 1423
1753 2587
2257 3295
1060 2746
135 2647
976 3085
724 931
51 2341
1816 3395
1228 3248
1480 1005
1732 2600
640 3278
2404 1857
556 3908
304 1158
472 683
1396 3128
2152 3219
1648 238
2236 757
1312 2
1900 2387
219 2287
388 1772
1144 3246
1984 934
2320 3310
2068 2767
1564 3389
683 386
431 2855
619 721
2383 130
2195 184
1019 1219
347 36
1207 2358
2047 1498
262 3202
1627 3177
2363 1316
2279 2924
451 3952
1943 892
1103 1011
1355 2188
1271 3172
1879 483
535 1118
1711 257
1375 1596
367 2122
1607 1468
515 288
1439 3344
851 1049
599 3637
1795 3626
703 274
11 870
1963 1336
935 2766
283 1817
1523 2964
871 2329
787 3726
1543 3805
1123 3268
2111 2054
1459 125
955 1350
2299 2953
94 1400
2027 1395
1859 3151
1291 3110
1039 2748
1691 2702
1838 3129
1754 49
746 891
2174 199
2006 918
1166 3471
1922 2261
1418 2141
1586 3095
830 3168
1082 1082
914 1700
410 476
2090 1161
578 3332
2258 2546
241 1667
998 3162
73 176
1502 2974
1670 849
326 2989
2342 1911
157 1165
2426 691
1250 969
494 113
1334 3625
662 534
389 1663
1229 1417
1901 2541
1565 2631
977 1289
1733 2944
809 805
1313 799
305 3718
1985 2186
641 2852
220 2999
1649 2502
1145 156
473 2602
557 2374
725 115
1061 22
1397 649
52 2388
1481 1026
2405 1278
2237 2151
1817 1042
2069 2368
2321 3684
2153 3910
1440 384
368 2147
2196 324
1208 2838
1692 893
2028 2110
1376 3819
936 1903
1292 913
432 133
179 2853
12 2362
348 2538
31 1813
1524 1439
704 1687
1020 1190
872 1799
1628 2016
452 3852
768 149
956 1979
2364 141
1964 766
1188 2571
284 2321
852 1140
263 2518
788 2809
1796 1070
684 2812
1124 1328
2216 2420
1104 1541
1712 2401
536 2129
2280 1236
2048 37
1860 1483
620 1809
1608 2590
516 3969
2112 755
1040 3347
600 645
115 714
1419 1515
242 460
2259 3497
411 756
1503 3804
1251 556
1167 1383
74 1690
579 1166
1083 1773
2007 191
2427 1942
1671 823
1755 2649
747 1881
2343 346
663 1733
327 3337
915 2963
1587 1913
1923 2049
2091 2671
158 2898
831 2064
999 188
1335 1807
1839 1622
495 182
2175 1445
1986 3828
726 2719
1314 641
1818 3482
2154 954
642 2254
1902 3552
1062 137
1566 1142
474 3394
306 1958
1482 3066
558 2242
1734 1020
1398 3333
2406 3165
2322 1725
221 573
1146 102
2070 614
894 941
390 2604
978 2841
137 1155
53 761
1650 3368
1230 2208
2238 1050
2133 2414
621 1843
2385 1208
2197 1163
1105 2616
1693 616
601 1361
957 373
96 1589
705 2657
937 278
180 3458
32 3491
1189 2135
1293 3055
1021 2113
13 580
769 1125
2049 3664
1209 2426
1965 3646
116 1193
1041 358
2281 2492
1461 2952
1525 3178
1797 404
1629 1547
1125 1681
685 3317
349 566
1609 2785
2029 2895
285 3229
1545 1257
453 978
537 2990
1713 2268
1377 3927
1777 1922
369 3301
1945 474
200 2040
873 2498
1441 3170
433 1109
1861 3156
2113 1866
1881 3701
1357 861
2365 572
853 3951
2217 3428
412 3521
1168 3968
1336 2265
2176 1835
328 2107
75 3269
832 1759
2260 3635
1672 1898
664 1581
1504 3638
496 2350
2008 2912
159 951
243 1325
2092 1635
580 131
916 3937
1756 2238
2428 3841
1420 923
1588 660
1840 5
748 2788
1084 654
2344 1793
1924 2813
643 3212
979 61
1819 3834
391 3735
1063 3898
1483 270
307 2057
2323 3823
1231 2434
2155 2149
1147 2240
811 2111
559 2059
2407 1072
1903 2925
54 720
475 1235
138 2980
1987 3501
1315 2180
2239 1856
1651 970
1399 678
222 3026
1735 1659
2071 516
1567 1464
895 448
727 3956
538 3842
622 3141
434 1064
2386 2302
2198 583
2282 2782
181 1386
1106 1893
1610 3642
2030 1074
2302 420
602 89
1042 1557
2050 1092
1630 1985
2366 1177
1022 3388
454 3586
1946 193
117 2899
97 422
201 990
1462 2056
1546 1381
1862 979
14 3011
1294 3862
518 190
1442 3312
706 2347
854 2653
1358 1048
1798 273
874 2995
350 2630
2114 1419
790 2509
686 3620
1126 2318
2134 3376
770 806
1190 2784
1210 1229
1778 2029
1714 581
1274 2885
1966 1159
1378 505
265 2257
1694 504
33 3336
370 3962
286 859
2218 55
581 1115
497 783
329 1876
2429 3931
1337 3649
1085 3192
833 919
1673 1837
2009 3195
2177 2902
2261 2677
1589 2346
244 434
665 409
1841 127
1169 1944
413 352
1253 2464
2093 2274
1421 1262
1505 1865
76 1247
917 1390
160 3402
749 1695
1001 96
1925 2962
1757 2693
2345 1154
2072 736
1316 1504
2408 2382
1148 219
139 2459
308 1602
644 3276
476 2480
55 2844
1736 216
812 1270
1988 1374
1232 933
1568 2908
2324 3725
1484 3639
2156 858
728 846
2240 1761
392 3518
1064 3157
560 147
223 1987
1820 1495
1904 868
1652 3133
980 395
959 3783
1947 3450
287 2695
2367 3833
2199 1226
2387 2278
1527 3957
1611 108
266 2868
1631 1786
855 3858
1379 2445
1695 1538
875 1452
623 3083
1799 2810
1967 3308
2303 503
1295 1647
1547 3897
771 3490
1211 491
1127 1914
1883 1033
1275 2836
791 716
1443 1949
2051 2041
182 1605
1863 2517
34 2516
1023 3887
455 2520
435 3936
1715 1470
519 414
539 3765
1779 153
2031 2713
2283 1040
1043 2891
2115 3160
1463 3878
98 3917
707 116
371 1291
15 2599
603 1447
2135 3152
202 3304
1359 1057
687 2976
939 1921
118 3238
2219 3166
1107 2744
1170 1136
2262 881
245 3028
1002 2691
834 3121
666 2967
330 3148
2094 3926
414 459
1254 856
161 2622
1674 1697
1086 2890
2178 2680
1506 3502
918 3732
2010 1713
1590 1111
1842 3420
750 1683
1758 3143
1422 339
2346 2626
2430 3408
1338 991
582 1995
1653 1421
2073 3896
140 1031
1989 529
2409 1216
1065 2293
2325 975
729 2284
813 2481
56 3660
1233 3423
645 3882
1737 967
2157 2185
477 1302
561 1613
309 3555
1317 1564
1149 2842
393 3203
981 1999
2241 412
1485 2454
1569 3914
224 209
1401 630
1821 2092
897 3942
16 3820
1968 1300
2116 1578
624 470
1108 110
1864 3401
876 3775
940 3516
203 2197
436 1836
2200 936
372 3812
1024 528
1276 3561
1128 248
1192 3018
2052 1852
1212 2601
2136 1624
288 1745
1612 2253
2388 2416
1380 952
99 122
520 3938
119 589
2304 1715
352 2027
267 3007
1548 2425
1360 170
1800 2543
183 3113
1696 2367
792 2581
1044 2082
2032 3242
1716 3038
2368 2145
2284 3422
856 1157
688 1183
1780 1929
708 690
1632 2555
1528 1781
772 3335
1464 2133
604 180
35 1279
960 880
1948 537
1884 1211
2220 1310
540 3706
1255 1110
78 3749
1675 1215
331 2794
1171 1311
1843 318
919 1591
1087 3293
499 3831
246 2020
751 1238
2011 3729
1423 2856
1759 2553
583 172
162 2373
415 3213
2179 2579
2431 2375
1507 3231
1927 43
2347 2982
2095 2108
667 250
1339 847
1003 1097
835 2277
1591 3506
1738 2407
1906 210
814 1577
1654 2207
1402 3004
1234 1132
2074 2526
225 3431
730 2540
57 2575
1486 1514
2326 1490
2242 1858
310 2400
1990 2957
2410 1122
1822 323
478 711
562 3122
898 1339
394 1127
1318 2805
1066 1397
1150 3053
646 138
141 2486
1697 845
2305 2081
1949 3484
1213 1696
857 3843
521 2384
373 3136
1277 120
1361 1244
1193 3745
1129 2119
709 2220
2389 3355
1969 2078
1633 194
100 1113
541 2199
2221 2269
1801 989
941 774
2033 3465
1865 2345
2053 1757
36 58
268 1266
1109 1936
1297 1360
1613 3362
877 1465
1885 367
1045 2019
625 3255
2369 2975
184 1105
773 3469
437 461
2201 1191
1465 485
353 685
17 2732
1025 3464
289 1762
2285 1771
605 88
1529 2404
689 3920
1549 427
2117 657
120 1561
961 438
1445 1524
1781 727
2096 2096
668 1529
2264 3704
1844 2152
2348 3624
1256 1075
500 2930
920 2776
332 1734
247 3114
1340 3438
752 1309
2180 405
1760 3602
836 1732
584 2910
1592 1228
1004 700
163 3096
1172 2759
1088 950
1676 140
2432 830
1928 1237
1424 2457
1403 853
563 3921
1907 655
1319 1724
1487 3759
479 2681
2327 775
1571 1394
58 3134
142 1354
983 3589
1823 542
2159 525
2243 1679
647 1213
2075 3381
1067 2267
226 1525
311 1861
899 2950
1739 1952
1151 3047
1655 2194
1991 1051
2411 637
731 2645
395 2294
1614 3119
606 129
1110 3789
37 136
1446 263
354 882
2390 3416
2202 1909
1970 2580
542 1879
858 1704
2222 2800
774 3795
1382 497
185 558
1634 2808
794 2123
2138 3270
2054 171
1550 1675
1698 2552
438 863
101 633
1466 1553
374 1297
878 1463
1866 291
1026 1834
1130 3080
458 3062
1278 439
690 3541
2370 186
1886 79
18 3676
290 3142
1782 3410
626 564
269 1912
1362 3685
1530 1365
1194 1351
2034 3123
1298 1194
1214 3149
2306 1019
2118 1345
205 378
942 457
1802 904
522 2085
962 383
121 1688
1046 2550
2286 3017
164 1805
921 1116
1089 1174
2097 511
1173 2304
1341 1585
2265 1137
1005 468
248 1774
2181 449
333 105
1593 3109
753 3627
2013 789
837 3666
1845 2778
1257 1846
1761 2236
2349 2308
1929 903
501 2584
1677 803
585 1950
669 1053
1488 1047
2412 669
732 2139
1320 646
312 2815
1572 3654
396 2675
2244 1188
1656 1507
227 746
1740 1540
564 3163
2160 2393
480 3543
816 2840
143 1333
1908 1379
648 2922
1068 231
1236 3415
984 3138
2328 2686
2076 3573
1824 3743
1404 964
59 2666
1152 490
900 2336
1447 2535
38 1530
291 2889
1363 3973
1635 2522
270 501
1531 2533
122 2711
2307 13
711 2105
2223 2623
1027 1841
1195 781
1111 3249
206 276
186 2860
523 3603
1131 3899
1047 2589
2035 507
1279 1067
2139 2577
2287 2551
459 73
795 987
1971 785
627 2193
355 3479
19 739
775 1171
1551 241
2371 1584
879 1418
439 2024
102 906
1719 2091
1299 996
1615 1172
2203 3785
963 1002
859 1576
1467 310
691 2292
375 1699
1783 496
2055 2003
2391 1284
1803 56
943 2154
607 54
1215 2357
1867 1112
1887 664
543 2831
2434 1285
1594 2177
334 2909
1090 1885
1342 168
1510 2708
754 2280
418 2833
1426 2637
1762 1398
1930 1503
670 3009
1006 877
2098 3709
2350 3019
2014 2440
1846 894
165 3117
1174 2934
2182 3307
2266 2820
922 441
502 2297
838 1258
249 3656
1258 2867
586 625
1405 2568
2413 1094
1069 430
901 2378
1153 145
1993 30
2329 1660
313 2249
1489 955
985 3233
228 944
1741 167
2245 3392
144 1790
2077 2610
60 450
1573 2083
733 2063
1657 2547
1321 3171
481 753
565 3327
2161 2696
649 1599
1237 3285
817 963
1909 1862
1825 2877
397 2557
1468 3807
207 750
860 2241
292 1804
1028 2143
1700 401
2036 135
103 1580
2056 3674
880 663
440 256
608 1308
2224 1027
964 2758
1952 1768
2308 2615
356 327
1364 1405
2288 981
1972 1277
1300 1479
2392 462
2120 3790
1132 3330
460 463
1636 1322
692 3481
123 2572
39 1869
524 3797
187 3316
712 1375
1720 2178
1868 3306
2372 763
1384 1822
1804 2453
1196 1930
1532 1293
376 3383
1784 3264
776 2279
1280 2939
944 3378
628 2006
2140 2361
1616 2077
544 1084
1216 723
1888 3069
1048 1791
20 571
2204 1992
1448 1568
1007 2213
1259 1712
839 883
1931 2795
1595 1286
923 1812
2267 1520
1427 370
1511 200
335 1511
503 3108
2351 2364
1343 1689
671 734
2099 1016
250 3384
1763 1138
755 2983
419 1543
1847 867
2015 2847
2183 1242
587 2017
1175 3859
2435 2283
166 3645
482 3054
2246 994
902 1851
1658 1205
650 1673
1574 2881
61 1963
145 196
1406 1256
1742 3670
1238 222
1994 551
734 1500
2078 1009
398 2510
1322 3559
1070 2738
1490 2485
314 298
566 3747
1910 38
1154 2310
2330 1662
2414 1556
818 2140
986 3353
1469 1743
1301 1880
1197 2030
357 2928
272 1131
1953 1090
777 214
693 2229
104 2289
1113 1214
124 1539
881 3364
2309 2803
861 1831
21 2863
1029 1265
2289 2306
2141 2104
1617 2038
1385 3579
2037 1087
945 833
2373 211
1217 615
797 3918
609 2960
293 2718
1889 788
629 3443
713 1083
1533 3539
525 2023
2225 2467
2121 3013
1721 3460
40 3653
2057 1260
1701 3752
1553 2491
1049 1315
1973 1037
377 4
1365 19
208 20
1281 2243
2393 197
1449 3434
1869 3135
545 3525
1805 3500
1133 638
188 83
965 922
1637 1185
441 9
461 6
1932 3594
1512 1494
251 1496
1176 1767
1848 3537
1344 742
1092 482
672 1895
2184 2918
1428 1402
924 1796
756 2689
1260 1631
2436 189
504 2465
1764 3433
336 3558
420 433
2268 2775
83 1558
1680 1982
0 609
1008 1357
588 1093
2016 2192
840 2209
167 2489
2415 3634
230 67
146 3845
903 3329
399 3556
2331 1571
1239 1384
1071 884
1743 1060
1491 300
1995 2804
62 3164
1659 1007
987 1753
315 3016
1155 3029
651 1887
1827 337
1323 561
735 3686
1575 3571
819 1456
2163 107
1911 2286
1407 2422
567 2701
862 2814
526 3459
2226 515
2206 1671
1386 3888
1702 3058
2038 698
1554 1303
2374 1989
2310 174
1722 1720
1786 2120
1954 1902
273 2354
1870 3115
882 3289
630 973
1134 371
714 2474
610 3856
189 3600
2394 1900
798 2676
546 2996
1114 594
125 1826
1534 878
294 1041
2290 2940
1050 3809
1618 3697
1366 1102
1974 3723
358 406
1282 3563
1806 1139
694 2018
1198 3290
1302 3447
1890 743
1470 355
378 2913
1638 399
2122 1806
778 3850
1030 330
966 375
462 2753
41 1884
1450 3946
1218 3161
946 738
2058 1312
442 1878
2142 3027
209 1639
105 286
22 998
337 835
505 1505
1933 398
1849 1943
925 2731
2269 213
2353 3907
252 2515
589 3159
2017 639
1177 1814
168 1123
673 488
1345 2594
2101 1355
421 1399
757 201
1009 455
1 445
1597 2654
1093 692
2185 2131
84 786
1429 1499
1765 1406
1513 1779
1261 509
1072 1472
652 2014
1828 2663
988 862
1660 3924
2164 1595
820 3412
904 315
568 2585
1324 3358
316 2369
147 292
1576 152
231 3076
1408 400
63 261
736 1744
2248 10
1240 1202
1744 1928
400 1794
1492 2399
1996 2101
2332 1626
1156 820
2416 2970
484 1763
1871 708
1723 1694
695 1937
611 2320
1303 3554
1219 1946
106 2087
527 694
23 1964
1703 768
947 682
1135 1038
883 293
547 1731
210 3400
1051 2519
2375 325
1199 1071
1619 2086
1555 443
799 1718
2227 1882
1115 2892
274 2222
1451 3667
715 1962
2143 2802
2059 603
2291 1927
1975 912
2311 2499
1387 2786
1283 1782
1807 2497
631 1269
1891 1723
1955 3385
190 2460
1787 2747
863 3916
379 2875
443 3760
126 3322
359 3102
779 3655
2207 3770
1639 1850
2123 3424
1535 1748
2395 335
295 1459
1367 2311
1471 1117
1031 305
2270 879
2354 1670
1598 584
590 123
674 2430
85 2218
1766 1476
422 574
2018 356
1934 3868
842 3861
169 1263
1010 3302
1850 2709
338 707
2102 1706
2 2153
1346 2818
1262 606
253 1034
1094 3068
1430 2704
2186 3598
758 2275
1514 2707
1178 103
506 2266
1682 1633
569 2211
1073 3961
821 1272
989 1218
2165 705
2417 3103
2249 2181
401 268
1157 3944
1241 2858
317 3964
148 1923
1829 2706
737 3544
1913 26
905 1448
1493 527
1325 1615
653 3533
1409 437
1745 481
64 3180
1997 466
485 2897
1661 2761
232 3234
2333 1549
2081 2763
1577 1845
380 701
1704 1517
1788 2114
2228 2334
1200 1376
1452 226
1892 3761
632 896
24 703
1556 848
127 2359
1620 3535
716 2834
780 2088
1116 1871
275 372
1976 3452
1052 2168
1640 2022
800 1461
2060 1471
296 3417
696 2442
2040 3604
43 876
1388 202
1284 3512
1956 3816
2376 2824
528 3079
2124 1428
884 280
464 718
2396 3596
2144 3780
211 2002
1808 2214
2208 1250
1032 2859
1136 915
548 3614
1536 1502
444 1770
360 237
1368 2431
864 3319
948 1825
968 2327
612 2202
2292 2582
1220 3232
2312 1820
1304 2613
107 3885
191 3513
1724 961
2019 2993
1095 565
1935 2798
1515 1560
1179 1056
675 223
1347 1567
254 1994
170 1832
1263 2204
1011 3211
1851 2668
843 2854
1767 2697
2103 1981
2271 2477
927 2471
3 1740
1683 824
1599 124
86 3001
423 812
759 726
591 627
507 1988
1431 3441
2187 1548
1662 198
1242 2728
318 2603
2334 2251
1914 1888
1830 1255
65 3418
486 3453
2418 2413
2166 1621
738 3437
906 465
1746 2771
822 393
1158 3366
990 2787
2250 3089
1494 1717
1410 2470
570 2905
149 1389
1074 82
1998 3971
1326 2752
1578 42
402 520
2082 741
654 227
1369 1883
613 2262
1705 1164
1305 1411
1873 3863
549 2221
1221 526
697 2205
1537 205
717 510
2145 1436
192 134
212 142
1453 1559
1957 275
801 2544
297 2539
2229 662
885 2068
865 618
2313 1601
2125 3294
1033 1234
2061 1196
1621 2216
381 1544
1809 2756
633 2811
1557 834
361 3228
2377 3612
465 3922
1117 895
1285 984
949 3950
1641 1035
1977 699
2209 187
276 2972
44 2008
2397 1600
25 628
445 1563
781 84
2293 1274
2041 1603
1201 3779
128 1617
1137 2437
969 535
1053 543
108 3798
1389 3837
1789 1181
592 1708
1600 1481
1012 1261
508 3409
844 1918
87 3731
1516 710
760 3303
676 31
340 1523
1852 258
1180 3883
255 1024
424 3846
1348 3240
2272 3205
4 2478
1264 611
171 1473
1936 937
1768 2099
2104 3183
1096 2946
2356 3208
928 2162
1684 1106
2020 2423
2188 2004
487 3736
403 1298
823 1972
2335 1206
1243 1692
1831 2789
1075 2102
1579 1388
907 3881
2083 3012
655 3523
1411 285
319 3057
66 563
150 2929
739 3334
1747 1797
1495 3118
991 2874
1999 3323
1663 3953
571 1446
2251 3456
234 2505
2419 3144
1915 644
1790 3714
718 1058
950 3848
1622 2405
1474 2742
1390 3025
2294 3072
1978 2977
277 767
782 1245
1306 2839
446 71
1370 382
1642 2835
1726 2203
698 1227
2398 3473
1222 1363
213 929
634 2013
26 2142
1706 840
866 3185
2378 2394
614 2411
45 2093
2230 495
2062 1460
193 1023
298 3204
2126 2408
2146 1001
530 2966
1958 424
1286 2532
2210 361
1054 549
382 3822
109 3348
550 3657
970 521
802 871
1894 1643
1202 1492
2042 3271
1558 3167
1138 3067
362 592
466 3507
1118 3652
1034 619
2314 2356
1454 3565
845 1808
1769 2146
1685 1645
509 3928
2357 1730
2105 1727
677 232
1181 1951
172 1742
1601 1145
425 1151
88 3060
5 3954
1517 224
1937 2969
341 1570
1265 192
929 1925
256 2066
2189 1562
761 46
2273 2237
1349 165
1433 522
1097 3784
1853 2132
2021 23
1013 1180
1496 3272
992 2109
572 1029
404 2053
1076 442
2336 2705
1244 544
1748 3967
2000 1984
488 1668
656 3590
67 1153
2252 1933
1160 486
2168 3911
1412 1427
1916 429
235 3585
1664 1551
1328 2911
908 3943
1832 1099
2420 1593
2084 431
151 2633
740 1039
320 3015
2399 2882
1539 2250
2295 677
2127 63
951 447
1203 1485
130 921
1139 3693
699 1894
1307 778
615 1821
971 2319
467 1566
2147 484
635 512
27 765
1371 3578
803 3020
1643 3935
1623 3457
46 3444
214 3781
194 2331
1391 215
1055 2938
1119 3948
110 3223
1559 369
719 2528
1811 3675
887 3407
1959 2260
2231 2195
2315 948
363 1592
1791 91
1895 1344
1875 1433
551 1330
2043 3125
383 2340
278 3866
1035 821
1727 1018
1707 2664
1223 2496
1475 2503
299 1088
1979 411
867 1891
2063 2797
783 25
257 3679
1686 2444
846 2051
1770 2692
1182 1251
426 3193
2022 1975
1518 2332
594 988
510 2556
2358 3265
1266 1366
678 3033
2274 2255
2190 1434
1938 3377
173 532
1350 1657
1434 759
6 1431
1602 2986
1854 3505
930 3733
89 3821
2106 60
762 2210
1098 3576
152 3483
909 3247
405 2625
1833 1945
1245 2735
1497 3753
489 2871
1917 3372
1749 595
1161 3292
1077 647
1329 1232
2085 3187
321 2606
2169 2793
68 3173
236 41
657 2507
1665 911
2337 3678
2253 3130
993 302
741 3275
1581 299
2421 2690
2001 1437
1413 2817
825 1382
573 1669
972 3252
468 1369
784 2360
552 3768
384 1474
2316 3023
636 2722
195 3499
888 818
47 3754
2128 2578
1224 2305
300 271
1120 3477
2296 3266
720 3773
1792 3803
2148 243
1036 2832
1056 1677
131 2463
1392 3691
1624 2634
700 3313
952 3374
1896 2055
1476 3380
2232 3222
28 2500
215 2468
1372 1221
1456 432
2044 940
1728 1346
1204 2780
1308 790
1560 3587
532 3864
1960 1292
111 2506
2064 1010
1980 3215
616 1684
279 3086
2400 3680
2212 3832
364 2628
804 3580
1812 3902
7 2688
847 14
1771 3787
1855 2080
1099 901
1015 2879
343 0
1351 1101
427 2270
1183 787
763 2342
931 857
511 2598
2359 2560
2107 854
679 2685
174 390
258 3939
1519 1248
90 308
595 554
2275 2754
1267 2173
1435 2052
2023 1917
2191 3005
1687 3493
2002 2826
1078 3640
910 916
1330 3350
490 3273
2086 3777
742 1320
574 3815
1162 2545
2422 3283
1750 1409
1918 1210
2170 2337
153 2495
1666 2309
658 1623
322 1906
1834 899
1414 1385
1498 3934
237 3909
2254 3311
406 749
2338 2764
69 2231
1582 3476
994 745
1246 3592
1205 2620
1561 1969
196 547
805 3904
1141 697
2129 1217
112 837
953 2525
1961 3692
785 2264
617 3073
1645 2627
2213 126
2233 1641
1393 2807
2149 2158
1457 81
29 2390
869 1948
637 3517
1877 2417
469 3595
2317 930
533 2447
553 272
48 3668
216 822
1541 3545
2045 2395
301 748
449 773
132 3550
1037 3217
1373 2783
280 3672
1309 1766
1981 938
365 2307
2297 1920
1057 1443
1793 1651
1121 993
1225 3871
2401 1420
1477 69
1813 2773
385 1824
701 2079
1729 1978
1625 1947
1289 1108
1268 45
596 492
1772 3824
91 2880
8 1239
428 1079
175 3597
1100 59
259 3568
1940 2372
1520 2144
2108 332
1688 75
1856 27
2192 3694
764 3411
1436 567
1016 601
680 3496
848 1587
1352 3643
2360 3641
932 797
2024 2421
2255 121
1583 3352
2339 1098
323 2235
1331 3093
1667 1890
911 2094
2087 2285
238 206
2003 1953
154 3884
2171 2252
70 3494
1835 1323
1499 1370
743 2385
827 3876
1919 1198
659 2383
995 3454
407 717
1247 2760
491 3315
1415 3189
1079 1815
1163 74
197 1644
1206 782
2214 1751
1898 2822
2298 3511
2130 3553
302 2212
554 980
1730 1991
1478 208
1226 2865
1562 872
470 956
30 3099
1058 2597
450 3536
618 3669
1626 2816
1646 1179
2382 3070
1982 2159
974 307
133 2206
534 1816
366 1509
870 1512
217 2215
49 1008
113 3359
1794 3488
1542 2406
1458 183
1374 2070
638 670
1038 801
1122 1960
954 672
1878 808
806 3299
281 312
1394 3583
2150 1854
2234 2476
1142 751
2318 297
1310 807
1962 1625
2402 802
2066 1103
1857 1628
933 852
1353 2512
1017 1818
345 2298
2277 1453
513 3662
260 416
1941 295
92 3970
597 2648
765 2033
429 65
1101 1305
1437 2116
2193 2494
681 1784
1605 545
2109 2226
1521 3681
1689 2588
2025 2916
2361 1187
176 3214
